/Users/mythezone/project/gitlab/abides-acc/util/OrderBook.py: total execution time 102.85654782 sec
/Users/mythezone/miniconda3/envs/py312/lib/python3.12/site-packages/scipy/sparse/_index.py: total execution time 8.69709183 sec
/Users/mythezone/miniconda3/envs/py312/lib/python3.12/copy.py: total execution time 8.27787971 sec
/Users/mythezone/miniconda3/envs/py312/lib/python3.12/site-packages/numpy/core/fromnumeric.py: total execution time 3.14212814 sec
/Users/mythezone/miniconda3/envs/py312/lib/python3.12/site-packages/scipy/sparse/_sputils.py: total execution time 2.47175431 sec
/Users/mythezone/project/gitlab/abides-acc/Kernel.py: total execution time 1.30025670 sec
/Users/mythezone/miniconda3/envs/py312/lib/python3.12/queue.py: total execution time 0.79887604 sec
/Users/mythezone/miniconda3/envs/py312/lib/python3.12/threading.py: total execution time 0.53071354 sec
/Users/mythezone/miniconda3/envs/py312/lib/python3.12/site-packages/scipy/sparse/_dok.py: total execution time 0.46443389 sec
/Users/mythezone/project/gitlab/abides-acc/util/order/LimitOrder.py: total execution time 0.36814950 sec
/Users/mythezone/miniconda3/envs/py312/lib/python3.12/site-packages/scipy/sparse/_base.py: total execution time 0.31094382 sec
/Users/mythezone/project/gitlab/abides-acc/util/order/Order.py: total execution time 0.30721809 sec
/Users/mythezone/project/gitlab/abides-acc/agent/TradingAgent.py: total execution time 0.27580521 sec
/Users/mythezone/project/gitlab/abides-acc/agent/Agent.py: total execution time 0.26918554 sec
/Users/mythezone/project/gitlab/abides-acc/util/util.py: total execution time 0.22986268 sec
/Users/mythezone/project/gitlab/abides-acc/agent/ExchangeAgent.py: total execution time 0.16426302 sec
/Users/mythezone/project/gitlab/abides-acc/model/LatencyModel.py: total execution time 0.14812280 sec
/Users/mythezone/project/gitlab/abides-acc/message/Message.py: total execution time 0.09993815 sec
/Users/mythezone/project/gitlab/abides-acc/agent/ValueAgent.py: total execution time 0.09345841 sec
/Users/mythezone/miniconda3/envs/py312/lib/python3.12/site-packages/numpy/core/numeric.py: total execution time 0.08714955 sec
/Users/mythezone/miniconda3/envs/py312/lib/python3.12/site-packages/pandas/core/internals/construction.py: total execution time 0.06001448 sec
/Users/mythezone/project/gitlab/abides-acc/util/oracle/SparseMeanRevertingOracle.py: total execution time 0.04799963 sec
/Users/mythezone/miniconda3/envs/py312/lib/python3.12/site-packages/pandas/core/construction.py: total execution time 0.03447251 sec
/Users/mythezone/project/gitlab/abides-acc/agent/market_makers/AdaptiveMarketMakerAgent.py: total execution time 0.03363581 sec
/Users/mythezone/miniconda3/envs/py312/lib/python3.12/site-packages/tqdm/utils.py: total execution time 0.03350209 sec
/Users/mythezone/miniconda3/envs/py312/lib/python3.12/site-packages/pandas/core/generic.py: total execution time 0.03158259 sec
/Users/mythezone/miniconda3/envs/py312/lib/python3.12/site-packages/pandas/core/indexes/base.py: total execution time 0.02845593 sec
/Users/mythezone/miniconda3/envs/py312/lib/python3.12/site-packages/pandas/core/internals/managers.py: total execution time 0.02694868 sec
/Users/mythezone/miniconda3/envs/py312/lib/python3.12/site-packages/pandas/core/dtypes/common.py: total execution time 0.02525187 sec
/Users/mythezone/miniconda3/envs/py312/lib/python3.12/site-packages/tqdm/std.py: total execution time 0.02488681 sec
/Users/mythezone/miniconda3/envs/py312/lib/python3.12/typing.py: total execution time 0.02422485 sec
/Users/mythezone/miniconda3/envs/py312/lib/python3.12/site-packages/pandas/core/series.py: total execution time 0.01859842 sec
<frozen abc>: total execution time 0.01830244 sec
/Users/mythezone/miniconda3/envs/py312/lib/python3.12/site-packages/pandas/core/internals/blocks.py: total execution time 0.01751896 sec
/Users/mythezone/miniconda3/envs/py312/lib/python3.12/site-packages/pandas/core/arrays/datetimes.py: total execution time 0.01619333 sec
<frozen importlib._bootstrap>: total execution time 0.01557297 sec
/Users/mythezone/miniconda3/envs/py312/lib/python3.12/site-packages/pandas/core/dtypes/cast.py: total execution time 0.01438949 sec
/Users/mythezone/miniconda3/envs/py312/lib/python3.12/site-packages/pandas/core/dtypes/generic.py: total execution time 0.01366757 sec
/Users/mythezone/miniconda3/envs/py312/lib/python3.12/site-packages/pandas/core/frame.py: total execution time 0.01300260 sec
<frozen importlib._bootstrap_external>: total execution time 0.01252718 sec
/Users/mythezone/miniconda3/envs/py312/lib/python3.12/site-packages/pandas/core/internals/concat.py: total execution time 0.01197930 sec
/Users/mythezone/project/gitlab/abides-acc/agent/NoiseAgent.py: total execution time 0.01144004 sec
/Users/mythezone/miniconda3/envs/py312/lib/python3.12/site-packages/pandas/core/array_algos/take.py: total execution time 0.01107449 sec
/Users/mythezone/miniconda3/envs/py312/lib/python3.12/re/_parser.py: total execution time 0.01069350 sec
/Users/mythezone/miniconda3/envs/py312/lib/python3.12/inspect.py: total execution time 0.01062174 sec
/Users/mythezone/miniconda3/envs/py312/lib/python3.12/site-packages/numpy/core/_ufunc_config.py: total execution time 0.01041125 sec
/Users/mythezone/project/gitlab/abides-acc/agent/examples/MomentumAgent.py: total execution time 0.00822567 sec
/Users/mythezone/miniconda3/envs/py312/lib/python3.12/site-packages/pandas/_config/config.py: total execution time 0.00752758 sec
/Users/mythezone/miniconda3/envs/py312/lib/python3.12/site-packages/pandas/core/dtypes/missing.py: total execution time 0.00705813 sec
/Users/mythezone/miniconda3/envs/py312/lib/python3.12/site-packages/pandas/core/arrays/datetimelike.py: total execution time 0.00655718 sec
/Users/mythezone/miniconda3/envs/py312/lib/python3.12/site-packages/pandas/core/reshape/concat.py: total execution time 0.00610952 sec
/Users/mythezone/miniconda3/envs/py312/lib/python3.12/site-packages/pandas/_config/__init__.py: total execution time 0.00557685 sec
/Users/mythezone/miniconda3/envs/py312/lib/python3.12/site-packages/pandas/core/indexing.py: total execution time 0.00530430 sec
/Users/mythezone/miniconda3/envs/py312/lib/python3.12/site-packages/pandas/core/indexes/range.py: total execution time 0.00515792 sec
/Users/mythezone/miniconda3/envs/py312/lib/python3.12/site-packages/pandas/core/flags.py: total execution time 0.00512433 sec
/Users/mythezone/miniconda3/envs/py312/lib/python3.12/site-packages/pandas/core/dtypes/inference.py: total execution time 0.00457453 sec
/Users/mythezone/miniconda3/envs/py312/lib/python3.12/site-packages/pandas/core/nanops.py: total execution time 0.00397222 sec
/Users/mythezone/miniconda3/envs/py312/lib/python3.12/site-packages/pandas/core/common.py: total execution time 0.00382377 sec
/Users/mythezone/miniconda3/envs/py312/lib/python3.12/warnings.py: total execution time 0.00357772 sec
/Users/mythezone/miniconda3/envs/py312/lib/python3.12/re/_compiler.py: total execution time 0.00356687 sec
/Users/mythezone/miniconda3/envs/py312/lib/python3.12/textwrap.py: total execution time 0.00352710 sec
/Users/mythezone/miniconda3/envs/py312/lib/python3.12/site-packages/pandas/core/algorithms.py: total execution time 0.00347255 sec
/Users/mythezone/miniconda3/envs/py312/lib/python3.12/site-packages/pandas/core/arrays/sparse/array.py: total execution time 0.00341558 sec
/Users/mythezone/miniconda3/envs/py312/lib/python3.12/site-packages/numpy/_utils/_inspect.py: total execution time 0.00323723 sec
/Users/mythezone/miniconda3/envs/py312/lib/python3.12/site-packages/pandas/util/_exceptions.py: total execution time 0.00318862 sec
/Users/mythezone/miniconda3/envs/py312/lib/python3.12/site-packages/numpy/core/_asarray.py: total execution time 0.00298668 sec
/Users/mythezone/miniconda3/envs/py312/lib/python3.12/site-packages/numpy/core/_dtype.py: total execution time 0.00289699 sec
/Users/mythezone/miniconda3/envs/py312/lib/python3.12/site-packages/pandas/core/indexers/utils.py: total execution time 0.00289298 sec
/Users/mythezone/miniconda3/envs/py312/lib/python3.12/site-packages/pandas/core/indexes/api.py: total execution time 0.00279953 sec
<frozen posixpath>: total execution time 0.00273417 sec
/Users/mythezone/miniconda3/envs/py312/lib/python3.12/functools.py: total execution time 0.00266573 sec
/Users/mythezone/miniconda3/envs/py312/lib/python3.12/site-packages/pandas/core/internals/base.py: total execution time 0.00247739 sec
/Users/mythezone/miniconda3/envs/py312/lib/python3.12/site-packages/pandas/core/arrays/_mixins.py: total execution time 0.00202537 sec
/Users/mythezone/miniconda3/envs/py312/lib/python3.12/site-packages/numpy/core/overrides.py: total execution time 0.00179721 sec
/Users/mythezone/project/gitlab/abides-acc/config/rmsc03.py: total execution time 0.00166222 sec
/Users/mythezone/miniconda3/envs/py312/lib/python3.12/site-packages/numpy/core/_methods.py: total execution time 0.00162933 sec
/Users/mythezone/miniconda3/envs/py312/lib/python3.12/enum.py: total execution time 0.00161385 sec
/Users/mythezone/miniconda3/envs/py312/lib/python3.12/site-packages/numpy/core/numerictypes.py: total execution time 0.00153683 sec
/Users/mythezone/miniconda3/envs/py312/lib/python3.12/site-packages/numpy/core/multiarray.py: total execution time 0.00150204 sec
/Users/mythezone/miniconda3/envs/py312/lib/python3.12/site-packages/pandas/core/base.py: total execution time 0.00149700 sec
/Users/mythezone/miniconda3/envs/py312/lib/python3.12/site-packages/pandas/core/sorting.py: total execution time 0.00137397 sec
/Users/mythezone/miniconda3/envs/py312/lib/python3.12/site-packages/pandas/core/dtypes/dtypes.py: total execution time 0.00135484 sec
/Users/mythezone/miniconda3/envs/py312/lib/python3.12/site-packages/pandas/util/_validators.py: total execution time 0.00117302 sec
/Users/mythezone/miniconda3/envs/py312/lib/python3.12/site-packages/pyarrow/vendored/docscrape.py: total execution time 0.00112055 sec
/Users/mythezone/miniconda3/envs/py312/lib/python3.12/site-packages/pandas/compat/numpy/function.py: total execution time 0.00083921 sec
/Users/mythezone/miniconda3/envs/py312/lib/python3.12/site-packages/numpy/core/shape_base.py: total execution time 0.00082228 sec
/Users/mythezone/miniconda3/envs/py312/lib/python3.12/site-packages/pyarrow/compute.py: total execution time 0.00078753 sec
/Users/mythezone/miniconda3/envs/py312/lib/python3.12/site-packages/pandas/core/ops/common.py: total execution time 0.00078558 sec
/Users/mythezone/miniconda3/envs/py312/lib/python3.12/contextlib.py: total execution time 0.00077193 sec
/Users/mythezone/miniconda3/envs/py312/lib/python3.12/site-packages/scipy/constants/_codata.py: total execution time 0.00076959 sec
/Users/mythezone/miniconda3/envs/py312/lib/python3.12/site-packages/pandas/core/indexes/datetimes.py: total execution time 0.00076315 sec
/Users/mythezone/miniconda3/envs/py312/lib/python3.12/site-packages/pandas/core/ops/array_ops.py: total execution time 0.00073789 sec
/Users/mythezone/miniconda3/envs/py312/lib/python3.12/site-packages/pandas/core/tools/timedeltas.py: total execution time 0.00069330 sec
/Users/mythezone/miniconda3/envs/py312/lib/python3.12/random.py: total execution time 0.00063039 sec
/Users/mythezone/miniconda3/envs/py312/lib/python3.12/collections/__init__.py: total execution time 0.00055575 sec
/Users/mythezone/miniconda3/envs/py312/lib/python3.12/re/__init__.py: total execution time 0.00055243 sec
/Users/mythezone/miniconda3/envs/py312/lib/python3.12/site-packages/pandas/core/dtypes/base.py: total execution time 0.00054004 sec
/Users/mythezone/miniconda3/envs/py312/lib/python3.12/site-packages/pandas/core/dtypes/concat.py: total execution time 0.00051402 sec
/Users/mythezone/miniconda3/envs/py312/lib/python3.12/site-packages/pandas/util/_decorators.py: total execution time 0.00045703 sec
/Users/mythezone/miniconda3/envs/py312/lib/python3.12/site-packages/numpy/core/getlimits.py: total execution time 0.00042459 sec
/Users/mythezone/miniconda3/envs/py312/lib/python3.12/site-packages/scipy/_lib/_docscrape.py: total execution time 0.00042404 sec
/Users/mythezone/miniconda3/envs/py312/lib/python3.12/bz2.py: total execution time 0.00032162 sec
<string>: total execution time 0.00023912 sec
/Users/mythezone/miniconda3/envs/py312/lib/python3.12/dataclasses.py: total execution time 0.00022947 sec
/Users/mythezone/miniconda3/envs/py312/lib/python3.12/site-packages/pandas/core/arrays/base.py: total execution time 0.00022149 sec
/Users/mythezone/miniconda3/envs/py312/lib/python3.12/sysconfig.py: total execution time 0.00020812 sec
/Users/mythezone/miniconda3/envs/py312/lib/python3.12/argparse.py: total execution time 0.00018530 sec
/Users/mythezone/miniconda3/envs/py312/lib/python3.12/site-packages/pandas/core/ops/missing.py: total execution time 0.00017095 sec
/Users/mythezone/miniconda3/envs/py312/lib/python3.12/site-packages/pandas/core/arrays/sparse/accessor.py: total execution time 0.00016927 sec
/Users/mythezone/project/gitlab/abides-acc/agent/FinancialAgent.py: total execution time 0.00015569 sec
/Users/mythezone/miniconda3/envs/py312/lib/python3.12/ipaddress.py: total execution time 0.00014488 sec
/Users/mythezone/project/gitlab/abides-acc/agent/execution/POVExecutionAgent.py: total execution time 0.00013447 sec
/Users/mythezone/miniconda3/envs/py312/lib/python3.12/site-packages/numpy/core/function_base.py: total execution time 0.00013208 sec
/Users/mythezone/miniconda3/envs/py312/lib/python3.12/site-packages/pandas/core/computation/expressions.py: total execution time 0.00012874 sec
/Users/mythezone/miniconda3/envs/py312/lib/python3.12/site-packages/pandas/core/arraylike.py: total execution time 0.00012444 sec
<frozen _collections_abc>: total execution time 0.00012111 sec
/Users/mythezone/miniconda3/envs/py312/lib/python3.12/site-packages/pandas/core/computation/expr.py: total execution time 0.00012107 sec
/Users/mythezone/miniconda3/envs/py312/lib/python3.12/site-packages/numpy/_utils/__init__.py: total execution time 0.00011397 sec
/Users/mythezone/miniconda3/envs/py312/lib/python3.12/site-packages/pandas/core/array_algos/putmask.py: total execution time 0.00010752 sec
/Users/mythezone/miniconda3/envs/py312/lib/python3.12/site-packages/numpy/core/defchararray.py: total execution time 0.00010718 sec
/Users/mythezone/miniconda3/envs/py312/lib/python3.12/site-packages/_distutils_hack/__init__.py: total execution time 0.00010657 sec
/Users/mythezone/miniconda3/envs/py312/lib/python3.12/site-packages/numpy/_typing/_dtype_like.py: total execution time 0.00010605 sec
/Users/mythezone/miniconda3/envs/py312/lib/python3.12/site-packages/numpy/lib/mixins.py: total execution time 0.00010248 sec
/Users/mythezone/miniconda3/envs/py312/lib/python3.12/site-packages/numpy/linalg/linalg.py: total execution time 0.00010223 sec
/Users/mythezone/miniconda3/envs/py312/lib/python3.12/site-packages/numpy/lib/polynomial.py: total execution time 0.00009982 sec
/Users/mythezone/miniconda3/envs/py312/lib/python3.12/site-packages/pandas/core/indexes/frozen.py: total execution time 0.00009298 sec
/Users/mythezone/miniconda3/envs/py312/lib/python3.12/site-packages/pandas/core/ops/dispatch.py: total execution time 0.00009060 sec
/Users/mythezone/miniconda3/envs/py312/lib/python3.12/site-packages/scipy/constants/__init__.py: total execution time 0.00008560 sec
/Users/mythezone/miniconda3/envs/py312/lib/python3.12/site-packages/numpy/lib/nanfunctions.py: total execution time 0.00008410 sec
/Users/mythezone/miniconda3/envs/py312/lib/python3.12/site-packages/numpy/_typing/_array_like.py: total execution time 0.00008197 sec
/Users/mythezone/miniconda3/envs/py312/lib/python3.12/locale.py: total execution time 0.00008167 sec
/Users/mythezone/miniconda3/envs/py312/lib/python3.12/site-packages/pandas/core/accessor.py: total execution time 0.00008151 sec
/Users/mythezone/miniconda3/envs/py312/lib/python3.12/site-packages/six.py: total execution time 0.00008121 sec
/Users/mythezone/miniconda3/envs/py312/lib/python3.12/platform.py: total execution time 0.00008078 sec
/Users/mythezone/miniconda3/envs/py312/lib/python3.12/site-packages/numpy/core/arrayprint.py: total execution time 0.00007837 sec
/Users/mythezone/miniconda3/envs/py312/lib/python3.12/opcode.py: total execution time 0.00007009 sec
/Users/mythezone/miniconda3/envs/py312/lib/python3.12/_compression.py: total execution time 0.00006700 sec
/Users/mythezone/miniconda3/envs/py312/lib/python3.12/site-packages/dateutil/parser/_parser.py: total execution time 0.00006457 sec
/Users/mythezone/miniconda3/envs/py312/lib/python3.12/site-packages/pyarrow/util.py: total execution time 0.00006437 sec
/Users/mythezone/miniconda3/envs/py312/lib/python3.12/site-packages/numpy/lib/type_check.py: total execution time 0.00006385 sec
/Users/mythezone/miniconda3/envs/py312/lib/python3.12/site-packages/numpy/ma/core.py: total execution time 0.00006217 sec
/Users/mythezone/miniconda3/envs/py312/lib/python3.12/_sysconfigdata__darwin_darwin.py: total execution time 0.00006118 sec
/Users/mythezone/miniconda3/envs/py312/lib/python3.12/site-packages/pandas/errors/__init__.py: total execution time 0.00005672 sec
/Users/mythezone/miniconda3/envs/py312/lib/python3.12/site-packages/pandas/io/parsers/readers.py: total execution time 0.00004902 sec
/Users/mythezone/miniconda3/envs/py312/lib/python3.12/site-packages/numpy/core/_type_aliases.py: total execution time 0.00004477 sec
<frozen os>: total execution time 0.00004316 sec
<frozen zipimport>: total execution time 0.00004291 sec
/Users/mythezone/miniconda3/envs/py312/lib/python3.12/site-packages/numpy/core/_add_newdocs_scalars.py: total execution time 0.00004264 sec
/Users/mythezone/miniconda3/envs/py312/lib/python3.12/site-packages/numpy/matrixlib/defmatrix.py: total execution time 0.00004147 sec
/Users/mythezone/miniconda3/envs/py312/lib/python3.12/site-packages/pandas/core/groupby/groupby.py: total execution time 0.00004067 sec
/Users/mythezone/miniconda3/envs/py312/lib/python3.12/site-packages/numpy/lib/index_tricks.py: total execution time 0.00004003 sec
/Users/mythezone/miniconda3/envs/py312/lib/python3.12/site-packages/numpy/lib/shape_base.py: total execution time 0.00003931 sec
/Users/mythezone/miniconda3/envs/py312/lib/python3.12/site-packages/pandas/core/ops/docstrings.py: total execution time 0.00003739 sec
/Users/mythezone/miniconda3/envs/py312/lib/python3.12/site-packages/pandas/io/stata.py: total execution time 0.00003738 sec
/Users/mythezone/miniconda3/envs/py312/lib/python3.12/site-packages/scipy/_lib/array_api_compat/_internal.py: total execution time 0.00003598 sec
/Users/mythezone/miniconda3/envs/py312/lib/python3.12/site-packages/pandas/core/strings/accessor.py: total execution time 0.00003595 sec
/Users/mythezone/miniconda3/envs/py312/lib/python3.12/_strptime.py: total execution time 0.00003527 sec
/Users/mythezone/miniconda3/envs/py312/lib/python3.12/site-packages/pandas/io/pytables.py: total execution time 0.00003519 sec
/Users/mythezone/miniconda3/envs/py312/lib/python3.12/site-packages/pandas/util/version/__init__.py: total execution time 0.00003429 sec
/Users/mythezone/miniconda3/envs/py312/lib/python3.12/site-packages/scipy/__config__.py: total execution time 0.00003386 sec
/Users/mythezone/miniconda3/envs/py312/lib/python3.12/site-packages/pandas/core/indexes/extension.py: total execution time 0.00003383 sec
/Users/mythezone/miniconda3/envs/py312/lib/python3.12/site-packages/pandas/core/window/rolling.py: total execution time 0.00003377 sec
/Users/mythezone/miniconda3/envs/py312/lib/python3.12/site-packages/pandas/io/common.py: total execution time 0.00003261 sec
/Users/mythezone/miniconda3/envs/py312/lib/python3.12/socket.py: total execution time 0.00003170 sec
/Users/mythezone/miniconda3/envs/py312/lib/python3.12/site-packages/numpy/__config__.py: total execution time 0.00003122 sec
/Users/mythezone/miniconda3/envs/py312/lib/python3.12/site-packages/numpy/core/records.py: total execution time 0.00003098 sec
/Users/mythezone/miniconda3/envs/py312/lib/python3.12/gettext.py: total execution time 0.00002835 sec
/Users/mythezone/miniconda3/envs/py312/lib/python3.12/site-packages/numpy/core/_internal.py: total execution time 0.00002787 sec
/Users/mythezone/miniconda3/envs/py312/lib/python3.12/site-packages/numpy/_typing/_char_codes.py: total execution time 0.00002738 sec
/Users/mythezone/miniconda3/envs/py312/lib/python3.12/site-packages/numpy/lib/arraysetops.py: total execution time 0.00002717 sec
/Users/mythezone/miniconda3/envs/py312/lib/python3.12/tokenize.py: total execution time 0.00002668 sec
/Users/mythezone/miniconda3/envs/py312/lib/python3.12/site-packages/numpy/lib/function_base.py: total execution time 0.00002475 sec
/Users/mythezone/miniconda3/envs/py312/lib/python3.12/site-packages/numpy/lib/utils.py: total execution time 0.00002453 sec
/Users/mythezone/miniconda3/envs/py312/lib/python3.12/site-packages/pytz/lazy.py: total execution time 0.00002408 sec
/Users/mythezone/miniconda3/envs/py312/lib/python3.12/dis.py: total execution time 0.00002383 sec
/Users/mythezone/miniconda3/envs/py312/lib/python3.12/site-packages/pandas/io/sql.py: total execution time 0.00002330 sec
/Users/mythezone/miniconda3/envs/py312/lib/python3.12/site-packages/pandas/core/arrays/arrow/array.py: total execution time 0.00002234 sec
/Users/mythezone/miniconda3/envs/py312/lib/python3.12/site-packages/numpy/core/__init__.py: total execution time 0.00002216 sec
/Users/mythezone/miniconda3/envs/py312/lib/python3.12/shutil.py: total execution time 0.00002192 sec
/Users/mythezone/miniconda3/envs/py312/lib/python3.12/site-packages/numpy/core/_add_newdocs.py: total execution time 0.00002188 sec
/Users/mythezone/miniconda3/envs/py312/lib/python3.12/calendar.py: total execution time 0.00002167 sec
/Users/mythezone/miniconda3/envs/py312/lib/python3.12/pathlib.py: total execution time 0.00002142 sec
/Users/mythezone/miniconda3/envs/py312/lib/python3.12/site-packages/scipy/_lib/decorator.py: total execution time 0.00002093 sec
/Users/mythezone/miniconda3/envs/py312/lib/python3.12/types.py: total execution time 0.00002050 sec
/Users/mythezone/miniconda3/envs/py312/lib/python3.12/site-packages/pandas/core/window/expanding.py: total execution time 0.00001973 sec
/Users/mythezone/miniconda3/envs/py312/lib/python3.12/site-packages/pandas/io/excel/_base.py: total execution time 0.00001902 sec
/Users/mythezone/miniconda3/envs/py312/lib/python3.12/site-packages/scipy/spatial/distance.py: total execution time 0.00001833 sec
/Users/mythezone/miniconda3/envs/py312/lib/python3.12/pydoc.py: total execution time 0.00001832 sec
/Users/mythezone/miniconda3/envs/py312/lib/python3.12/signal.py: total execution time 0.00001812 sec
/Users/mythezone/miniconda3/envs/py312/lib/python3.12/subprocess.py: total execution time 0.00001809 sec
/Users/mythezone/miniconda3/envs/py312/lib/python3.12/site-packages/pandas/core/reshape/merge.py: total execution time 0.00001761 sec
/Users/mythezone/miniconda3/envs/py312/lib/python3.12/site-packages/scipy/special/_multiufuncs.py: total execution time 0.00001621 sec
/Users/mythezone/miniconda3/envs/py312/lib/python3.12/site-packages/pandas/core/groupby/generic.py: total execution time 0.00001595 sec
/Users/mythezone/miniconda3/envs/py312/lib/python3.12/ast.py: total execution time 0.00001570 sec
/Users/mythezone/miniconda3/envs/py312/lib/python3.12/site-packages/pandas/core/apply.py: total execution time 0.00001569 sec
/Users/mythezone/miniconda3/envs/py312/lib/python3.12/_compat_pickle.py: total execution time 0.00001547 sec
/Users/mythezone/miniconda3/envs/py312/lib/python3.12/site-packages/numpy/core/memmap.py: total execution time 0.00001527 sec
/Users/mythezone/miniconda3/envs/py312/lib/python3.12/ctypes/__init__.py: total execution time 0.00001499 sec
/Users/mythezone/miniconda3/envs/py312/lib/python3.12/hmac.py: total execution time 0.00001454 sec
/Users/mythezone/miniconda3/envs/py312/lib/python3.12/tarfile.py: total execution time 0.00001427 sec
/Users/mythezone/miniconda3/envs/py312/lib/python3.12/site-packages/pandas/core/resample.py: total execution time 0.00001402 sec
/Users/mythezone/miniconda3/envs/py312/lib/python3.12/site-packages/numpy/lib/__init__.py: total execution time 0.00001381 sec
/Users/mythezone/miniconda3/envs/py312/lib/python3.12/site-packages/pandas/core/config_init.py: total execution time 0.00001379 sec
/Users/mythezone/miniconda3/envs/py312/lib/python3.12/site-packages/numpy/_typing/_scalars.py: total execution time 0.00001335 sec
/Users/mythezone/miniconda3/envs/py312/lib/python3.12/site-packages/scipy/_lib/_pep440.py: total execution time 0.00001332 sec
/Users/mythezone/miniconda3/envs/py312/lib/python3.12/site-packages/numpy/_core/_multiarray_umath.py: total execution time 0.00001312 sec
/Users/mythezone/miniconda3/envs/py312/lib/python3.12/site-packages/numpy/lib/ufunclike.py: total execution time 0.00001310 sec
/Users/mythezone/miniconda3/envs/py312/lib/python3.12/pickle.py: total execution time 0.00001309 sec
/Users/mythezone/miniconda3/envs/py312/lib/python3.12/site-packages/pandas/io/formats/info.py: total execution time 0.00001286 sec
/Users/mythezone/miniconda3/envs/py312/lib/python3.12/site-packages/pandas/core/arrays/period.py: total execution time 0.00001285 sec
/Users/mythezone/miniconda3/envs/py312/lib/python3.12/site-packages/numpy/_typing/_add_docstring.py: total execution time 0.00001192 sec
/Users/mythezone/miniconda3/envs/py312/lib/python3.12/site-packages/pandas/core/arrays/interval.py: total execution time 0.00001189 sec
/Users/mythezone/miniconda3/envs/py312/lib/python3.12/site-packages/dateutil/tz/tz.py: total execution time 0.00001188 sec
/Users/mythezone/miniconda3/envs/py312/lib/python3.12/site-packages/pandas/plotting/_core.py: total execution time 0.00001166 sec
/Users/mythezone/miniconda3/envs/py312/lib/python3.12/logging/__init__.py: total execution time 0.00001165 sec
/Users/mythezone/miniconda3/envs/py312/lib/python3.12/site-packages/scipy/_lib/_util.py: total execution time 0.00001143 sec
/Users/mythezone/miniconda3/envs/py312/lib/python3.12/site-packages/scipy/sparse/linalg/_eigen/arpack/arpack.py: total execution time 0.00001119 sec
/Users/mythezone/miniconda3/envs/py312/lib/python3.12/site-packages/pandas/core/groupby/grouper.py: total execution time 0.00001095 sec
/Users/mythezone/miniconda3/envs/py312/lib/python3.12/site-packages/pandas/core/groupby/ops.py: total execution time 0.00001093 sec
/Users/mythezone/miniconda3/envs/py312/lib/python3.12/multiprocessing/process.py: total execution time 0.00001073 sec
/Users/mythezone/miniconda3/envs/py312/lib/python3.12/site-packages/pandas/tseries/frequencies.py: total execution time 0.00001071 sec
/Users/mythezone/miniconda3/envs/py312/lib/python3.12/site-packages/pandas/io/parsers/base_parser.py: total execution time 0.00001070 sec
/Users/mythezone/miniconda3/envs/py312/lib/python3.12/zipfile/__init__.py: total execution time 0.00001070 sec
/Users/mythezone/miniconda3/envs/py312/lib/python3.12/site-packages/pandas/io/json/_json.py: total execution time 0.00001047 sec
/Users/mythezone/miniconda3/envs/py312/lib/python3.12/site-packages/scipy/_lib/array_api_compat/common/_aliases.py: total execution time 0.00001046 sec
/Users/mythezone/miniconda3/envs/py312/lib/python3.12/urllib/parse.py: total execution time 0.00001046 sec
/Users/mythezone/miniconda3/envs/py312/lib/python3.12/site-packages/pandas/io/formats/format.py: total execution time 0.00001024 sec
/Users/mythezone/miniconda3/envs/py312/lib/python3.12/site-packages/pandas/core/indexes/accessors.py: total execution time 0.00001024 sec
/Users/mythezone/miniconda3/envs/py312/lib/python3.12/site-packages/pandas/core/arrays/masked.py: total execution time 0.00001022 sec
/Users/mythezone/miniconda3/envs/py312/lib/python3.12/site-packages/pandas/core/window/doc.py: total execution time 0.00001001 sec
/Users/mythezone/miniconda3/envs/py312/lib/python3.12/site-packages/pandas/core/arrays/numpy_.py: total execution time 0.00000975 sec
/Users/mythezone/miniconda3/envs/py312/lib/python3.12/string.py: total execution time 0.00000975 sec
/Users/mythezone/miniconda3/envs/py312/lib/python3.12/site-packages/pyarrow/types.py: total execution time 0.00000974 sec
/Users/mythezone/miniconda3/envs/py312/lib/python3.12/site-packages/pandas/core/reshape/tile.py: total execution time 0.00000930 sec
/Users/mythezone/miniconda3/envs/py312/lib/python3.12/site-packages/numpy/__init__.py: total execution time 0.00000904 sec
/Users/mythezone/miniconda3/envs/py312/lib/python3.12/token.py: total execution time 0.00000859 sec
/Users/mythezone/miniconda3/envs/py312/lib/python3.12/site-packages/pandas/_testing/asserters.py: total execution time 0.00000856 sec
/Users/mythezone/miniconda3/envs/py312/lib/python3.12/site-packages/pandas/_testing/__init__.py: total execution time 0.00000833 sec
/Users/mythezone/miniconda3/envs/py312/lib/python3.12/site-packages/scipy/linalg/_decomp_lu.py: total execution time 0.00000786 sec
/Users/mythezone/miniconda3/envs/py312/lib/python3.12/site-packages/pandas/_typing.py: total execution time 0.00000785 sec
/Users/mythezone/miniconda3/envs/py312/lib/python3.12/site-packages/numpy/lib/_version.py: total execution time 0.00000785 sec
/Users/mythezone/miniconda3/envs/py312/lib/python3.12/site-packages/pandas/core/indexes/interval.py: total execution time 0.00000784 sec
/Users/mythezone/miniconda3/envs/py312/lib/python3.12/site-packages/pandas/core/arrays/categorical.py: total execution time 0.00000784 sec
/Users/mythezone/miniconda3/envs/py312/lib/python3.12/site-packages/pandas/io/html.py: total execution time 0.00000762 sec
/Users/mythezone/miniconda3/envs/py312/lib/python3.12/site-packages/pandas/core/tools/datetimes.py: total execution time 0.00000737 sec
/Users/mythezone/miniconda3/envs/py312/lib/python3.12/site-packages/scipy/linalg/__init__.py: total execution time 0.00000715 sec
/Users/mythezone/miniconda3/envs/py312/lib/python3.12/json/decoder.py: total execution time 0.00000715 sec
/Users/mythezone/miniconda3/envs/py312/lib/python3.12/site-packages/pandas/io/sas/sasreader.py: total execution time 0.00000713 sec
/Users/mythezone/miniconda3/envs/py312/lib/python3.12/site-packages/scipy/sparse/linalg/_expm_multiply.py: total execution time 0.00000690 sec
/Users/mythezone/miniconda3/envs/py312/lib/python3.12/site-packages/pandas/core/arrays/string_.py: total execution time 0.00000689 sec
/Users/mythezone/miniconda3/envs/py312/lib/python3.12/site-packages/pandas/core/strings/base.py: total execution time 0.00000689 sec
/Users/mythezone/miniconda3/envs/py312/lib/python3.12/site-packages/pandas/core/missing.py: total execution time 0.00000667 sec
/Users/mythezone/miniconda3/envs/py312/lib/python3.12/site-packages/numpy/core/_string_helpers.py: total execution time 0.00000666 sec
/Users/mythezone/miniconda3/envs/py312/lib/python3.12/site-packages/pandas/core/array_algos/masked_reductions.py: total execution time 0.00000666 sec
/Users/mythezone/miniconda3/envs/py312/lib/python3.12/site-packages/pandas/core/indexes/datetimelike.py: total execution time 0.00000666 sec
/Users/mythezone/miniconda3/envs/py312/lib/python3.12/site-packages/pandas/core/window/ewm.py: total execution time 0.00000665 sec
/Users/mythezone/miniconda3/envs/py312/lib/python3.12/encodings/__init__.py: total execution time 0.00000644 sec
/Users/mythezone/miniconda3/envs/py312/lib/python3.12/site-packages/pandas/io/pickle.py: total execution time 0.00000643 sec
/Users/mythezone/miniconda3/envs/py312/lib/python3.12/weakref.py: total execution time 0.00000642 sec
/Users/mythezone/miniconda3/envs/py312/lib/python3.12/numbers.py: total execution time 0.00000642 sec
/Users/mythezone/miniconda3/envs/py312/lib/python3.12/site-packages/pandas/core/interchange/dataframe_protocol.py: total execution time 0.00000642 sec
/Users/mythezone/miniconda3/envs/py312/lib/python3.12/site-packages/scipy/special/_basic.py: total execution time 0.00000642 sec
/Users/mythezone/miniconda3/envs/py312/lib/python3.12/selectors.py: total execution time 0.00000618 sec
/Users/mythezone/miniconda3/envs/py312/lib/python3.12/site-packages/pandas/core/arrays/string_arrow.py: total execution time 0.00000618 sec
/Users/mythezone/miniconda3/envs/py312/lib/python3.12/multiprocessing/util.py: total execution time 0.00000595 sec
/Users/mythezone/miniconda3/envs/py312/lib/python3.12/site-packages/pandas/core/indexers/objects.py: total execution time 0.00000594 sec
/Users/mythezone/miniconda3/envs/py312/lib/python3.12/site-packages/pandas/core/internals/array_manager.py: total execution time 0.00000572 sec
/Users/mythezone/miniconda3/envs/py312/lib/python3.12/site-packages/scipy/constants/_constants.py: total execution time 0.00000571 sec
/Users/mythezone/miniconda3/envs/py312/lib/python3.12/site-packages/pandas/core/arrays/numeric.py: total execution time 0.00000547 sec
/Users/mythezone/miniconda3/envs/py312/lib/python3.12/site-packages/numpy/matrixlib/__init__.py: total execution time 0.00000524 sec
/Users/mythezone/miniconda3/envs/py312/lib/python3.12/site-packages/numpy/_typing/__init__.py: total execution time 0.00000524 sec
/Users/mythezone/miniconda3/envs/py312/lib/python3.12/site-packages/pandas/compat/_optional.py: total execution time 0.00000524 sec
/Users/mythezone/miniconda3/envs/py312/lib/python3.12/site-packages/pandas/core/util/hashing.py: total execution time 0.00000523 sec
/Users/mythezone/miniconda3/envs/py312/lib/python3.12/site-packages/pandas/core/methods/describe.py: total execution time 0.00000523 sec
/Users/mythezone/miniconda3/envs/py312/lib/python3.12/site-packages/pandas/io/parquet.py: total execution time 0.00000523 sec
/Users/mythezone/miniconda3/envs/py312/lib/python3.12/tempfile.py: total execution time 0.00000500 sec
/Users/mythezone/miniconda3/envs/py312/lib/python3.12/site-packages/scipy/sparse/_data.py: total execution time 0.00000500 sec
/Users/mythezone/miniconda3/envs/py312/lib/python3.12/site-packages/pandas/core/indexes/period.py: total execution time 0.00000499 sec
/Users/mythezone/miniconda3/envs/py312/lib/python3.12/site-packages/scipy/sparse/_compressed.py: total execution time 0.00000499 sec
/Users/mythezone/miniconda3/envs/py312/lib/python3.12/site-packages/scipy/sparse/_coo.py: total execution time 0.00000499 sec
/Users/mythezone/miniconda3/envs/py312/lib/python3.12/site-packages/dateutil/relativedelta.py: total execution time 0.00000477 sec
/Users/mythezone/miniconda3/envs/py312/lib/python3.12/site-packages/pandas/core/interchange/utils.py: total execution time 0.00000477 sec
/Users/mythezone/miniconda3/envs/py312/lib/python3.12/site-packages/scipy/sparse/linalg/_matfuncs.py: total execution time 0.00000476 sec
/Users/mythezone/miniconda3/envs/py312/lib/python3.12/site-packages/scipy/linalg/lapack.py: total execution time 0.00000475 sec
/Users/mythezone/miniconda3/envs/py312/lib/python3.12/multiprocessing/__init__.py: total execution time 0.00000453 sec
/Users/mythezone/miniconda3/envs/py312/lib/python3.12/site-packages/numpy/ma/extras.py: total execution time 0.00000452 sec
/Users/mythezone/miniconda3/envs/py312/lib/python3.12/site-packages/numpy/_typing/_nbit.py: total execution time 0.00000429 sec
/Users/mythezone/miniconda3/envs/py312/lib/python3.12/site-packages/pytz/tzinfo.py: total execution time 0.00000428 sec
/Users/mythezone/miniconda3/envs/py312/lib/python3.12/uuid.py: total execution time 0.00000428 sec
/Users/mythezone/miniconda3/envs/py312/lib/python3.12/site-packages/pandas/io/parsers/python_parser.py: total execution time 0.00000428 sec
/Users/mythezone/miniconda3/envs/py312/lib/python3.12/site-packages/numpy/dtypes.py: total execution time 0.00000405 sec
/Users/mythezone/miniconda3/envs/py312/lib/python3.12/site-packages/scipy/linalg/_basic.py: total execution time 0.00000405 sec
/Users/mythezone/miniconda3/envs/py312/lib/python3.12/site-packages/numpy/polynomial/_polybase.py: total execution time 0.00000404 sec
/Users/mythezone/miniconda3/envs/py312/lib/python3.12/site-packages/pandas/core/arrays/integer.py: total execution time 0.00000404 sec
/Users/mythezone/miniconda3/envs/py312/lib/python3.12/site-packages/pandas/core/indexes/multi.py: total execution time 0.00000404 sec
/Users/mythezone/miniconda3/envs/py312/lib/python3.12/site-packages/pandas/io/xml.py: total execution time 0.00000404 sec
/Users/mythezone/miniconda3/envs/py312/lib/python3.12/site-packages/scipy/_lib/array_api_compat/common/_fft.py: total execution time 0.00000404 sec
/Users/mythezone/miniconda3/envs/py312/lib/python3.12/multiprocessing/resource_tracker.py: total execution time 0.00000404 sec
/Users/mythezone/miniconda3/envs/py312/lib/python3.12/site-packages/pandas/core/window/numba_.py: total execution time 0.00000382 sec
/Users/mythezone/miniconda3/envs/py312/lib/python3.12/site-packages/numpy/ctypeslib.py: total execution time 0.00000381 sec
/Users/mythezone/miniconda3/envs/py312/lib/python3.12/site-packages/pandas/core/arrays/boolean.py: total execution time 0.00000381 sec
/Users/mythezone/miniconda3/envs/py312/lib/python3.12/site-packages/pandas/io/orc.py: total execution time 0.00000381 sec
/Users/mythezone/miniconda3/envs/py312/lib/python3.12/site-packages/pandas/compat/pickle_compat.py: total execution time 0.00000381 sec
/Users/mythezone/miniconda3/envs/py312/lib/python3.12/hashlib.py: total execution time 0.00000380 sec
/Users/mythezone/miniconda3/envs/py312/lib/python3.12/site-packages/pandas/core/computation/ops.py: total execution time 0.00000380 sec
/Users/mythezone/miniconda3/envs/py312/lib/python3.12/site-packages/scipy/linalg/blas.py: total execution time 0.00000380 sec
/Users/mythezone/miniconda3/envs/py312/lib/python3.12/site-packages/scipy/special/_support_alternative_backends.py: total execution time 0.00000380 sec
/Users/mythezone/miniconda3/envs/py312/lib/python3.12/site-packages/pytz/__init__.py: total execution time 0.00000358 sec
/Users/mythezone/miniconda3/envs/py312/lib/python3.12/site-packages/pandas/core/strings/object_array.py: total execution time 0.00000357 sec
/Users/mythezone/miniconda3/envs/py312/lib/python3.12/json/encoder.py: total execution time 0.00000357 sec
/Users/mythezone/miniconda3/envs/py312/lib/python3.12/site-packages/dateutil/parser/__init__.py: total execution time 0.00000334 sec
/Users/mythezone/miniconda3/envs/py312/lib/python3.12/site-packages/pandas/core/arrays/timedeltas.py: total execution time 0.00000334 sec
/Users/mythezone/miniconda3/envs/py312/lib/python3.12/site-packages/numpy/core/_dtype_ctypes.py: total execution time 0.00000333 sec
/Users/mythezone/miniconda3/envs/py312/lib/python3.12/site-packages/numpy/lib/_iotools.py: total execution time 0.00000333 sec
/Users/mythezone/miniconda3/envs/py312/lib/python3.12/_osx_support.py: total execution time 0.00000333 sec
/Users/mythezone/miniconda3/envs/py312/lib/python3.12/site-packages/numpy/polynomial/__init__.py: total execution time 0.00000310 sec
/Users/mythezone/miniconda3/envs/py312/lib/python3.12/site-packages/dateutil/parser/isoparser.py: total execution time 0.00000310 sec
/Users/mythezone/miniconda3/envs/py312/lib/python3.12/site-packages/pandas/core/ops/invalid.py: total execution time 0.00000310 sec
/Users/mythezone/miniconda3/envs/py312/lib/python3.12/_weakrefset.py: total execution time 0.00000309 sec
/Users/mythezone/miniconda3/envs/py312/lib/python3.12/base64.py: total execution time 0.00000309 sec
/Users/mythezone/miniconda3/envs/py312/lib/python3.12/site-packages/dateutil/tz/_common.py: total execution time 0.00000309 sec
/Users/mythezone/miniconda3/envs/py312/lib/python3.12/reprlib.py: total execution time 0.00000309 sec
/Users/mythezone/miniconda3/envs/py312/lib/python3.12/csv.py: total execution time 0.00000309 sec
/Users/mythezone/miniconda3/envs/py312/lib/python3.12/site-packages/pandas/io/formats/printing.py: total execution time 0.00000309 sec
/Users/mythezone/miniconda3/envs/py312/lib/python3.12/site-packages/pandas/core/indexes/category.py: total execution time 0.00000309 sec
/Users/mythezone/miniconda3/envs/py312/lib/python3.12/site-packages/pandas/io/excel/_calamine.py: total execution time 0.00000309 sec
/Users/mythezone/miniconda3/envs/py312/lib/python3.12/site-packages/pandas/io/feather_format.py: total execution time 0.00000309 sec
/Users/mythezone/miniconda3/envs/py312/lib/python3.12/site-packages/scipy/_lib/_array_api.py: total execution time 0.00000309 sec
/Users/mythezone/miniconda3/envs/py312/lib/python3.12/site-packages/scipy/sparse/_matrix.py: total execution time 0.00000309 sec
/Users/mythezone/miniconda3/envs/py312/lib/python3.12/site-packages/scipy/sparse/_csc.py: total execution time 0.00000309 sec
/Users/mythezone/miniconda3/envs/py312/lib/python3.12/site-packages/scipy/sparse/_bsr.py: total execution time 0.00000309 sec
<frozen genericpath>: total execution time 0.00000286 sec
/Users/mythezone/miniconda3/envs/py312/lib/python3.12/pprint.py: total execution time 0.00000286 sec
/Users/mythezone/miniconda3/envs/py312/lib/python3.12/site-packages/scipy/sparse/linalg/_special_sparse_arrays.py: total execution time 0.00000286 sec
/Users/mythezone/miniconda3/envs/py312/lib/python3.12/importlib/__init__.py: total execution time 0.00000285 sec
/Users/mythezone/miniconda3/envs/py312/lib/python3.12/site-packages/numpy/core/_exceptions.py: total execution time 0.00000285 sec
/Users/mythezone/miniconda3/envs/py312/lib/python3.12/site-packages/pyarrow/__init__.py: total execution time 0.00000285 sec
/Users/mythezone/miniconda3/envs/py312/lib/python3.12/site-packages/pandas/core/array_algos/quantile.py: total execution time 0.00000285 sec
/Users/mythezone/miniconda3/envs/py312/lib/python3.12/site-packages/pandas/core/reshape/pivot.py: total execution time 0.00000285 sec
/Users/mythezone/miniconda3/envs/py312/lib/python3.12/site-packages/pandas/io/excel/_odswriter.py: total execution time 0.00000285 sec
/Users/mythezone/miniconda3/envs/py312/lib/python3.12/site-packages/scipy/_lib/_testutils.py: total execution time 0.00000285 sec
/Users/mythezone/miniconda3/envs/py312/lib/python3.12/site-packages/scipy/_lib/array_api_compat/numpy/_aliases.py: total execution time 0.00000285 sec
/Users/mythezone/miniconda3/envs/py312/lib/python3.12/site-packages/scipy/sparse/linalg/_interface.py: total execution time 0.00000262 sec
/Users/mythezone/miniconda3/envs/py312/lib/python3.12/traceback.py: total execution time 0.00000262 sec
/Users/mythezone/miniconda3/envs/py312/lib/python3.12/site-packages/numpy/compat/py3k.py: total execution time 0.00000238 sec
/Users/mythezone/miniconda3/envs/py312/lib/python3.12/site-packages/numpy/lib/twodim_base.py: total execution time 0.00000238 sec
/Users/mythezone/miniconda3/envs/py312/lib/python3.12/site-packages/scipy/spatial/__init__.py: total execution time 0.00000238 sec
/Users/mythezone/miniconda3/envs/py312/lib/python3.12/site-packages/scipy/sparse/csgraph/_laplacian.py: total execution time 0.00000238 sec
/Users/mythezone/miniconda3/envs/py312/lib/python3.12/site-packages/scipy/sparse/linalg/__init__.py: total execution time 0.00000238 sec
<frozen ntpath>: total execution time 0.00000214 sec
/Users/mythezone/miniconda3/envs/py312/lib/python3.12/__future__.py: total execution time 0.00000214 sec
/Users/mythezone/miniconda3/envs/py312/lib/python3.12/site-packages/pandas/compat/compressors.py: total execution time 0.00000214 sec
/Users/mythezone/miniconda3/envs/py312/lib/python3.12/site-packages/pyarrow/ipc.py: total execution time 0.00000214 sec
<frozen importlib.util>: total execution time 0.00000214 sec
/Users/mythezone/miniconda3/envs/py312/lib/python3.12/site-packages/dateutil/tz/_factories.py: total execution time 0.00000214 sec
/Users/mythezone/miniconda3/envs/py312/lib/python3.12/site-packages/pandas/core/internals/api.py: total execution time 0.00000214 sec
/Users/mythezone/miniconda3/envs/py312/lib/python3.12/site-packages/pandas/core/shared_docs.py: total execution time 0.00000214 sec
/Users/mythezone/miniconda3/envs/py312/lib/python3.12/site-packages/pandas/core/reshape/melt.py: total execution time 0.00000214 sec
/Users/mythezone/miniconda3/envs/py312/lib/python3.12/site-packages/pandas/core/groupby/numba_.py: total execution time 0.00000214 sec
/Users/mythezone/miniconda3/envs/py312/lib/python3.12/site-packages/pandas/core/interchange/from_dataframe.py: total execution time 0.00000214 sec
/Users/mythezone/miniconda3/envs/py312/lib/python3.12/site-packages/pandas/_testing/_warnings.py: total execution time 0.00000214 sec
/Users/mythezone/miniconda3/envs/py312/lib/python3.12/site-packages/pandas/io/excel/_util.py: total execution time 0.00000214 sec
/Users/mythezone/miniconda3/envs/py312/lib/python3.12/site-packages/pandas/io/gbq.py: total execution time 0.00000214 sec
/Users/mythezone/miniconda3/envs/py312/lib/python3.12/site-packages/scipy/_lib/array_api_compat/numpy/fft.py: total execution time 0.00000214 sec
/Users/mythezone/miniconda3/envs/py312/lib/python3.12/site-packages/scipy/sparse/_dia.py: total execution time 0.00000214 sec
/Users/mythezone/miniconda3/envs/py312/lib/python3.12/site-packages/scipy/linalg/_decomp_svd.py: total execution time 0.00000214 sec
/Users/mythezone/miniconda3/envs/py312/lib/python3.12/site-packages/scipy/sparse/linalg/_eigen/lobpcg/lobpcg.py: total execution time 0.00000191 sec
/Users/mythezone/miniconda3/envs/py312/lib/python3.12/site-packages/numpy/core/einsumfunc.py: total execution time 0.00000190 sec
/Users/mythezone/miniconda3/envs/py312/lib/python3.12/site-packages/numpy/lib/scimath.py: total execution time 0.00000190 sec
/Users/mythezone/miniconda3/envs/py312/lib/python3.12/site-packages/numpy/_typing/_nested_sequence.py: total execution time 0.00000190 sec
/Users/mythezone/miniconda3/envs/py312/lib/python3.12/site-packages/numpy/lib/npyio.py: total execution time 0.00000190 sec
/Users/mythezone/miniconda3/envs/py312/lib/python3.12/site-packages/numpy/lib/_datasource.py: total execution time 0.00000190 sec
/Users/mythezone/miniconda3/envs/py312/lib/python3.12/site-packages/numpy/fft/_pocketfft.py: total execution time 0.00000190 sec
/Users/mythezone/miniconda3/envs/py312/lib/python3.12/site-packages/numpy/polynomial/chebyshev.py: total execution time 0.00000190 sec
/Users/mythezone/miniconda3/envs/py312/lib/python3.12/site-packages/numpy/polynomial/legendre.py: total execution time 0.00000190 sec
/Users/mythezone/miniconda3/envs/py312/lib/python3.12/site-packages/pandas/_config/localization.py: total execution time 0.00000190 sec
/Users/mythezone/miniconda3/envs/py312/lib/python3.12/site-packages/pandas/core/dtypes/astype.py: total execution time 0.00000190 sec
/Users/mythezone/miniconda3/envs/py312/lib/python3.12/site-packages/pandas/core/arrays/arrow/accessors.py: total execution time 0.00000190 sec
/Users/mythezone/miniconda3/envs/py312/lib/python3.12/site-packages/pandas/core/arrays/floating.py: total execution time 0.00000190 sec
/Users/mythezone/miniconda3/envs/py312/lib/python3.12/site-packages/pandas/core/methods/selectn.py: total execution time 0.00000190 sec
/Users/mythezone/miniconda3/envs/py312/lib/python3.12/site-packages/pandas/plotting/_misc.py: total execution time 0.00000190 sec
/Users/mythezone/miniconda3/envs/py312/lib/python3.12/site-packages/pandas/core/groupby/indexing.py: total execution time 0.00000190 sec
/Users/mythezone/miniconda3/envs/py312/lib/python3.12/site-packages/pandas/io/clipboards.py: total execution time 0.00000190 sec
/Users/mythezone/miniconda3/envs/py312/lib/python3.12/site-packages/scipy/_lib/array_api_compat/common/_linalg.py: total execution time 0.00000190 sec
/Users/mythezone/miniconda3/envs/py312/lib/python3.12/site-packages/scipy/sparse/linalg/_isolve/utils.py: total execution time 0.00000190 sec
/Users/mythezone/miniconda3/envs/py312/lib/python3.12/site-packages/scipy/sparse/linalg/_dsolve/linsolve.py: total execution time 0.00000190 sec
/Users/mythezone/miniconda3/envs/py312/lib/python3.12/site-packages/scipy/spatial/_plotutils.py: total execution time 0.00000190 sec
/Users/mythezone/miniconda3/envs/py312/lib/python3.12/site-packages/pandas/io/excel/_openpyxl.py: total execution time 0.00000167 sec
/Users/mythezone/miniconda3/envs/py312/lib/python3.12/site-packages/scipy/linalg/_decomp_cossin.py: total execution time 0.00000167 sec
/Users/mythezone/miniconda3/envs/py312/lib/python3.12/site-packages/scipy/_lib/deprecation.py: total execution time 0.00000167 sec
/Users/mythezone/miniconda3/envs/py312/lib/python3.12/site-packages/scipy/special/_orthogonal.py: total execution time 0.00000167 sec
/Users/mythezone/miniconda3/envs/py312/lib/python3.12/site-packages/numpy/_distributor_init.py: total execution time 0.00000119 sec
/Users/mythezone/miniconda3/envs/py312/lib/python3.12/site-packages/numpy/lib/format.py: total execution time 0.00000119 sec
/Users/mythezone/miniconda3/envs/py312/lib/python3.12/site-packages/numpy/fft/__init__.py: total execution time 0.00000119 sec
/Users/mythezone/miniconda3/envs/py312/lib/python3.12/site-packages/numpy/polynomial/hermite.py: total execution time 0.00000119 sec
/Users/mythezone/miniconda3/envs/py312/lib/python3.12/site-packages/numpy/polynomial/hermite_e.py: total execution time 0.00000119 sec
/Users/mythezone/miniconda3/envs/py312/lib/python3.12/site-packages/numpy/random/__init__.py: total execution time 0.00000119 sec
/Users/mythezone/miniconda3/envs/py312/lib/python3.12/site-packages/pytz/exceptions.py: total execution time 0.00000119 sec
/Users/mythezone/miniconda3/envs/py312/lib/python3.12/site-packages/pytz/tzfile.py: total execution time 0.00000119 sec
/Users/mythezone/miniconda3/envs/py312/lib/python3.12/site-packages/dateutil/__init__.py: total execution time 0.00000119 sec
/Users/mythezone/miniconda3/envs/py312/lib/python3.12/site-packages/pandas/io/formats/console.py: total execution time 0.00000119 sec
/Users/mythezone/miniconda3/envs/py312/lib/python3.12/gzip.py: total execution time 0.00000119 sec
/Users/mythezone/miniconda3/envs/py312/lib/python3.12/site-packages/pandas/core/reshape/util.py: total execution time 0.00000119 sec
/Users/mythezone/miniconda3/envs/py312/lib/python3.12/site-packages/pandas/core/reshape/encoding.py: total execution time 0.00000119 sec
/Users/mythezone/miniconda3/envs/py312/lib/python3.12/site-packages/pandas/io/api.py: total execution time 0.00000119 sec
/Users/mythezone/miniconda3/envs/py312/lib/python3.12/site-packages/pandas/io/excel/_odfreader.py: total execution time 0.00000119 sec
/Users/mythezone/miniconda3/envs/py312/lib/python3.12/site-packages/pandas/io/excel/_xlrd.py: total execution time 0.00000119 sec
/Users/mythezone/miniconda3/envs/py312/lib/python3.12/site-packages/scipy/spatial/_kdtree.py: total execution time 0.00000119 sec
/Users/mythezone/miniconda3/envs/py312/lib/python3.12/site-packages/scipy/sparse/_extract.py: total execution time 0.00000119 sec
/Users/mythezone/miniconda3/envs/py312/lib/python3.12/site-packages/scipy/linalg/_decomp_qz.py: total execution time 0.00000119 sec
/Users/mythezone/miniconda3/envs/py312/lib/python3.12/site-packages/scipy/sparse/linalg/_eigen/_svds.py: total execution time 0.00000119 sec
/Users/mythezone/miniconda3/envs/py312/lib/python3.12/multiprocessing/reduction.py: total execution time 0.00000119 sec
/Users/mythezone/miniconda3/envs/py312/lib/python3.12/lzma.py: total execution time 0.00000095 sec
/Users/mythezone/miniconda3/envs/py312/lib/python3.12/site-packages/numpy/exceptions.py: total execution time 0.00000095 sec
/Users/mythezone/miniconda3/envs/py312/lib/python3.12/site-packages/numpy/compat/__init__.py: total execution time 0.00000095 sec
/Users/mythezone/miniconda3/envs/py312/lib/python3.12/ctypes/_endian.py: total execution time 0.00000095 sec
/Users/mythezone/miniconda3/envs/py312/lib/python3.12/site-packages/numpy/_pytesttester.py: total execution time 0.00000095 sec
/Users/mythezone/miniconda3/envs/py312/lib/python3.12/site-packages/numpy/lib/stride_tricks.py: total execution time 0.00000095 sec
/Users/mythezone/miniconda3/envs/py312/lib/python3.12/site-packages/numpy/lib/histograms.py: total execution time 0.00000095 sec
/Users/mythezone/miniconda3/envs/py312/lib/python3.12/site-packages/numpy/lib/arraypad.py: total execution time 0.00000095 sec
/Users/mythezone/miniconda3/envs/py312/lib/python3.12/site-packages/numpy/polynomial/polynomial.py: total execution time 0.00000095 sec
/Users/mythezone/miniconda3/envs/py312/lib/python3.12/site-packages/pandas/__init__.py: total execution time 0.00000095 sec
/Users/mythezone/miniconda3/envs/py312/lib/python3.12/site-packages/pandas/compat/__init__.py: total execution time 0.00000095 sec
/Users/mythezone/miniconda3/envs/py312/lib/python3.12/site-packages/pandas/compat/numpy/__init__.py: total execution time 0.00000095 sec
/Users/mythezone/miniconda3/envs/py312/lib/python3.12/heapq.py: total execution time 0.00000095 sec
/Users/mythezone/miniconda3/envs/py312/lib/python3.12/site-packages/pandas/_libs/tslibs/__init__.py: total execution time 0.00000095 sec
/Users/mythezone/miniconda3/envs/py312/lib/python3.12/zoneinfo/__init__.py: total execution time 0.00000095 sec
/Users/mythezone/miniconda3/envs/py312/lib/python3.12/zoneinfo/_common.py: total execution time 0.00000095 sec
/Users/mythezone/miniconda3/envs/py312/lib/python3.12/site-packages/dateutil/_common.py: total execution time 0.00000095 sec
/Users/mythezone/miniconda3/envs/py312/lib/python3.12/pkgutil.py: total execution time 0.00000095 sec
/Users/mythezone/miniconda3/envs/py312/lib/python3.12/site-packages/pandas/core/arrays/_arrow_string_mixins.py: total execution time 0.00000095 sec
/Users/mythezone/miniconda3/envs/py312/lib/python3.12/site-packages/pandas/core/array_algos/transforms.py: total execution time 0.00000095 sec
/Users/mythezone/miniconda3/envs/py312/lib/python3.12/site-packages/pandas/core/util/numba_.py: total execution time 0.00000095 sec
/Users/mythezone/miniconda3/envs/py312/lib/python3.12/site-packages/pandas/core/window/online.py: total execution time 0.00000095 sec
/Users/mythezone/miniconda3/envs/py312/lib/python3.12/site-packages/pandas/core/tools/numeric.py: total execution time 0.00000095 sec
/Users/mythezone/miniconda3/envs/py312/lib/python3.12/site-packages/pandas/core/groupby/categorical.py: total execution time 0.00000095 sec
/Users/mythezone/miniconda3/envs/py312/lib/python3.12/site-packages/pandas/core/computation/eval.py: total execution time 0.00000095 sec
/Users/mythezone/miniconda3/envs/py312/lib/python3.12/site-packages/pandas/core/computation/scope.py: total execution time 0.00000095 sec
/Users/mythezone/miniconda3/envs/py312/lib/python3.12/site-packages/pandas/io/json/_normalize.py: total execution time 0.00000095 sec
/Users/mythezone/miniconda3/envs/py312/lib/python3.12/site-packages/pandas/io/json/_table_schema.py: total execution time 0.00000095 sec
/Users/mythezone/miniconda3/envs/py312/lib/python3.12/site-packages/pandas/io/excel/_pyxlsb.py: total execution time 0.00000095 sec
/Users/mythezone/miniconda3/envs/py312/lib/python3.12/site-packages/pandas/io/excel/_xlsxwriter.py: total execution time 0.00000095 sec
/Users/mythezone/miniconda3/envs/py312/lib/python3.12/site-packages/pandas/io/spss.py: total execution time 0.00000095 sec
/Users/mythezone/miniconda3/envs/py312/lib/python3.12/site-packages/scipy/__init__.py: total execution time 0.00000095 sec
/Users/mythezone/miniconda3/envs/py312/lib/python3.12/site-packages/scipy/sparse/__init__.py: total execution time 0.00000095 sec
/Users/mythezone/miniconda3/envs/py312/lib/python3.12/site-packages/scipy/_lib/array_api_compat/common/_helpers.py: total execution time 0.00000095 sec
/Users/mythezone/miniconda3/envs/py312/lib/python3.12/site-packages/scipy/sparse/_csr.py: total execution time 0.00000095 sec
/Users/mythezone/miniconda3/envs/py312/lib/python3.12/site-packages/scipy/sparse/_lil.py: total execution time 0.00000095 sec
/Users/mythezone/miniconda3/envs/py312/lib/python3.12/site-packages/scipy/linalg/_misc.py: total execution time 0.00000095 sec
/Users/mythezone/miniconda3/envs/py312/lib/python3.12/site-packages/scipy/linalg/_decomp.py: total execution time 0.00000095 sec
/Users/mythezone/miniconda3/envs/py312/lib/python3.12/site-packages/scipy/linalg/_matfuncs.py: total execution time 0.00000095 sec
/Users/mythezone/miniconda3/envs/py312/lib/python3.12/site-packages/scipy/sparse/linalg/_isolve/_gcrotmk.py: total execution time 0.00000095 sec
/Users/mythezone/miniconda3/envs/py312/lib/python3.12/site-packages/scipy/sparse/linalg/_isolve/lsmr.py: total execution time 0.00000095 sec
/Users/mythezone/miniconda3/envs/py312/lib/python3.12/site-packages/scipy/sparse/linalg/_dsolve/_add_newdocs.py: total execution time 0.00000095 sec
/Users/mythezone/miniconda3/envs/py312/lib/python3.12/site-packages/scipy/sparse/linalg/_svdp.py: total execution time 0.00000095 sec
/Users/mythezone/miniconda3/envs/py312/lib/python3.12/site-packages/scipy/sparse/linalg/matfuncs.py: total execution time 0.00000095 sec
/Users/mythezone/miniconda3/envs/py312/lib/python3.12/site-packages/scipy/sparse/csgraph/_validation.py: total execution time 0.00000095 sec
/Users/mythezone/miniconda3/envs/py312/lib/python3.12/site-packages/scipy/special/_logsumexp.py: total execution time 0.00000095 sec
/Users/mythezone/miniconda3/envs/py312/lib/python3.12/site-packages/scipy/_lib/array_api_extra/__init__.py: total execution time 0.00000095 sec
/Users/mythezone/miniconda3/envs/py312/lib/python3.12/site-packages/scipy/_lib/array_api_extra/_funcs.py: total execution time 0.00000095 sec
/Users/mythezone/miniconda3/envs/py312/lib/python3.12/site-packages/scipy/special/_spfun_stats.py: total execution time 0.00000095 sec
/Users/mythezone/miniconda3/envs/py312/lib/python3.12/site-packages/scipy/special/_spherical_bessel.py: total execution time 0.00000095 sec
/Users/mythezone/miniconda3/envs/py312/lib/python3.12/site-packages/scipy/spatial/transform/__init__.py: total execution time 0.00000095 sec
/Users/mythezone/miniconda3/envs/py312/lib/python3.12/site-packages/tqdm/_monitor.py: total execution time 0.00000095 sec
/Users/mythezone/miniconda3/envs/py312/lib/python3.12/site-packages/tqdm/cli.py: total execution time 0.00000095 sec
/Users/mythezone/miniconda3/envs/py312/lib/python3.12/multiprocessing/context.py: total execution time 0.00000095 sec
/Users/mythezone/miniconda3/envs/py312/lib/python3.12/multiprocessing/synchronize.py: total execution time 0.00000095 sec
/Users/mythezone/miniconda3/envs/py312/lib/python3.12/multiprocessing/spawn.py: total execution time 0.00000095 sec
/Users/mythezone/miniconda3/envs/py312/lib/python3.12/collections/abc.py: total execution time 0.00000072 sec
/Users/mythezone/miniconda3/envs/py312/lib/python3.12/site-packages/pandas/core/arrays/_utils.py: total execution time 0.00000072 sec
/Users/mythezone/miniconda3/envs/py312/lib/python3.12/site-packages/pandas/core/computation/align.py: total execution time 0.00000072 sec
/Users/mythezone/miniconda3/envs/py312/lib/python3.12/site-packages/pandas/_testing/contexts.py: total execution time 0.00000072 sec
/Users/mythezone/miniconda3/envs/py312/lib/python3.12/site-packages/scipy/sparse/_construct.py: total execution time 0.00000072 sec
<frozen runpy>: total execution time 0.00000072 sec
/Users/mythezone/miniconda3/envs/py312/lib/python3.12/fnmatch.py: total execution time 0.00000000 sec
/Users/mythezone/project/gitlab/abides-acc/config/__init__.py: total execution time 0.00000000 sec
/Users/mythezone/miniconda3/envs/py312/lib/python3.12/site-packages/numpy/_globals.py: total execution time 0.00000000 sec
/Users/mythezone/miniconda3/envs/py312/lib/python3.12/site-packages/numpy/_utils/_convertions.py: total execution time 0.00000000 sec
/Users/mythezone/miniconda3/envs/py312/lib/python3.12/site-packages/numpy/version.py: total execution time 0.00000000 sec
/Users/mythezone/miniconda3/envs/py312/lib/python3.12/datetime.py: total execution time 0.00000000 sec
/Users/mythezone/miniconda3/envs/py312/lib/python3.12/site-packages/numpy/core/umath.py: total execution time 0.00000000 sec
/Users/mythezone/miniconda3/envs/py312/lib/python3.12/urllib/__init__.py: total execution time 0.00000000 sec
/Users/mythezone/miniconda3/envs/py312/lib/python3.12/struct.py: total execution time 0.00000000 sec
/Users/mythezone/miniconda3/envs/py312/lib/python3.12/contextvars.py: total execution time 0.00000000 sec
/Users/mythezone/miniconda3/envs/py312/lib/python3.12/site-packages/numpy/core/_machar.py: total execution time 0.00000000 sec
/Users/mythezone/miniconda3/envs/py312/lib/python3.12/copyreg.py: total execution time 0.00000000 sec
/Users/mythezone/miniconda3/envs/py312/lib/python3.12/site-packages/numpy/linalg/__init__.py: total execution time 0.00000000 sec
/Users/mythezone/miniconda3/envs/py312/lib/python3.12/site-packages/numpy/_typing/_shape.py: total execution time 0.00000000 sec
/Users/mythezone/miniconda3/envs/py312/lib/python3.12/site-packages/numpy/lib/arrayterator.py: total execution time 0.00000000 sec
/Users/mythezone/miniconda3/envs/py312/lib/python3.12/site-packages/numpy/fft/helper.py: total execution time 0.00000000 sec
/Users/mythezone/miniconda3/envs/py312/lib/python3.12/site-packages/numpy/polynomial/polyutils.py: total execution time 0.00000000 sec
/Users/mythezone/miniconda3/envs/py312/lib/python3.12/site-packages/numpy/polynomial/laguerre.py: total execution time 0.00000000 sec
/Users/mythezone/miniconda3/envs/py312/lib/python3.12/site-packages/numpy/random/_pickle.py: total execution time 0.00000000 sec
/Users/mythezone/miniconda3/envs/py312/lib/python3.12/secrets.py: total execution time 0.00000000 sec
/Users/mythezone/miniconda3/envs/py312/lib/python3.12/bisect.py: total execution time 0.00000000 sec
/Users/mythezone/miniconda3/envs/py312/lib/python3.12/site-packages/numpy/ma/__init__.py: total execution time 0.00000000 sec
<frozen importlib.machinery>: total execution time 0.00000000 sec
/Users/mythezone/miniconda3/envs/py312/lib/python3.12/linecache.py: total execution time 0.00000000 sec
/Users/mythezone/miniconda3/envs/py312/lib/python3.12/site-packages/dateutil/_version.py: total execution time 0.00000000 sec
/Users/mythezone/miniconda3/envs/py312/lib/python3.12/site-packages/pandas/compat/_constants.py: total execution time 0.00000000 sec
<frozen codecs>: total execution time 0.00000000 sec
/Users/mythezone/miniconda3/envs/py312/lib/python3.12/site-packages/pandas/util/__init__.py: total execution time 0.00000000 sec
/Users/mythezone/miniconda3/envs/py312/lib/python3.12/site-packages/pandas/compat/pyarrow.py: total execution time 0.00000000 sec
/Users/mythezone/miniconda3/envs/py312/lib/python3.12/site-packages/pyarrow/_generated_version.py: total execution time 0.00000000 sec
/Users/mythezone/miniconda3/envs/py312/lib/python3.12/decimal.py: total execution time 0.00000000 sec
/Users/mythezone/miniconda3/envs/py312/lib/python3.12/site-packages/numpy/_core/__init__.py: total execution time 0.00000000 sec
/Users/mythezone/miniconda3/envs/py312/lib/python3.12/site-packages/pandas/_config/dates.py: total execution time 0.00000000 sec
/Users/mythezone/miniconda3/envs/py312/lib/python3.12/site-packages/pandas/_config/display.py: total execution time 0.00000000 sec
/Users/mythezone/miniconda3/envs/py312/lib/python3.12/site-packages/pandas/core/__init__.py: total execution time 0.00000000 sec
/Users/mythezone/miniconda3/envs/py312/lib/python3.12/site-packages/pandas/core/api.py: total execution time 0.00000000 sec
/Users/mythezone/miniconda3/envs/py312/lib/python3.12/site-packages/pandas/_libs/__init__.py: total execution time 0.00000000 sec
/Users/mythezone/miniconda3/envs/py312/lib/python3.12/zoneinfo/_tzpath.py: total execution time 0.00000000 sec
/Users/mythezone/miniconda3/envs/py312/lib/python3.12/site-packages/dateutil/tz/__init__.py: total execution time 0.00000000 sec
/Users/mythezone/miniconda3/envs/py312/lib/python3.12/importlib/_abc.py: total execution time 0.00000000 sec
/Users/mythezone/miniconda3/envs/py312/lib/python3.12/site-packages/dateutil/tz/win.py: total execution time 0.00000000 sec
/Users/mythezone/miniconda3/envs/py312/lib/python3.12/site-packages/pandas/core/dtypes/__init__.py: total execution time 0.00000000 sec
/Users/mythezone/miniconda3/envs/py312/lib/python3.12/site-packages/pandas/io/__init__.py: total execution time 0.00000000 sec
/Users/mythezone/miniconda3/envs/py312/lib/python3.12/site-packages/pandas/io/_util.py: total execution time 0.00000000 sec
/Users/mythezone/miniconda3/envs/py312/lib/python3.12/site-packages/pandas/core/array_algos/__init__.py: total execution time 0.00000000 sec
/Users/mythezone/miniconda3/envs/py312/lib/python3.12/site-packages/pandas/core/indexers/__init__.py: total execution time 0.00000000 sec
/Users/mythezone/miniconda3/envs/py312/lib/python3.12/site-packages/pandas/core/arrays/__init__.py: total execution time 0.00000000 sec
/Users/mythezone/miniconda3/envs/py312/lib/python3.12/site-packages/pandas/core/arrays/arrow/__init__.py: total execution time 0.00000000 sec
/Users/mythezone/miniconda3/envs/py312/lib/python3.12/site-packages/pyarrow/_compute_docstrings.py: total execution time 0.00000000 sec
/Users/mythezone/miniconda3/envs/py312/lib/python3.12/site-packages/pyarrow/vendored/__init__.py: total execution time 0.00000000 sec
/Users/mythezone/miniconda3/envs/py312/lib/python3.12/site-packages/pandas/core/ops/__init__.py: total execution time 0.00000000 sec
/Users/mythezone/miniconda3/envs/py312/lib/python3.12/site-packages/pandas/core/roperator.py: total execution time 0.00000000 sec
/Users/mythezone/miniconda3/envs/py312/lib/python3.12/site-packages/pandas/core/computation/__init__.py: total execution time 0.00000000 sec
/Users/mythezone/miniconda3/envs/py312/lib/python3.12/site-packages/pandas/core/computation/check.py: total execution time 0.00000000 sec
/Users/mythezone/miniconda3/envs/py312/lib/python3.12/site-packages/pandas/core/ops/mask_ops.py: total execution time 0.00000000 sec
/Users/mythezone/miniconda3/envs/py312/lib/python3.12/site-packages/pandas/core/array_algos/masked_accumulations.py: total execution time 0.00000000 sec
/Users/mythezone/miniconda3/envs/py312/lib/python3.12/site-packages/pandas/core/util/__init__.py: total execution time 0.00000000 sec
/Users/mythezone/miniconda3/envs/py312/lib/python3.12/site-packages/pandas/core/strings/__init__.py: total execution time 0.00000000 sec
/Users/mythezone/miniconda3/envs/py312/lib/python3.12/site-packages/pandas/tseries/__init__.py: total execution time 0.00000000 sec
/Users/mythezone/miniconda3/envs/py312/lib/python3.12/site-packages/pandas/io/formats/__init__.py: total execution time 0.00000000 sec
/Users/mythezone/miniconda3/envs/py312/lib/python3.12/site-packages/pandas/core/array_algos/datetimelike_accumulations.py: total execution time 0.00000000 sec
/Users/mythezone/miniconda3/envs/py312/lib/python3.12/site-packages/pandas/core/arrays/_ranges.py: total execution time 0.00000000 sec
/Users/mythezone/miniconda3/envs/py312/lib/python3.12/site-packages/pandas/tseries/offsets.py: total execution time 0.00000000 sec
/Users/mythezone/miniconda3/envs/py312/lib/python3.12/site-packages/pandas/core/arrays/sparse/__init__.py: total execution time 0.00000000 sec
/Users/mythezone/miniconda3/envs/py312/lib/python3.12/site-packages/pandas/core/arrays/arrow/_arrow_utils.py: total execution time 0.00000000 sec
/Users/mythezone/miniconda3/envs/py312/lib/python3.12/site-packages/pandas/core/groupby/__init__.py: total execution time 0.00000000 sec
/Users/mythezone/miniconda3/envs/py312/lib/python3.12/site-packages/pandas/core/_numba/__init__.py: total execution time 0.00000000 sec
/Users/mythezone/miniconda3/envs/py312/lib/python3.12/site-packages/pandas/core/_numba/executor.py: total execution time 0.00000000 sec
/Users/mythezone/miniconda3/envs/py312/lib/python3.12/json/__init__.py: total execution time 0.00000000 sec
/Users/mythezone/miniconda3/envs/py312/lib/python3.12/json/scanner.py: total execution time 0.00000000 sec
/Users/mythezone/miniconda3/envs/py312/lib/python3.12/site-packages/pandas/core/indexes/__init__.py: total execution time 0.00000000 sec
/Users/mythezone/miniconda3/envs/py312/lib/python3.12/site-packages/pandas/core/tools/__init__.py: total execution time 0.00000000 sec
/Users/mythezone/miniconda3/envs/py312/lib/python3.12/site-packages/pandas/core/tools/times.py: total execution time 0.00000000 sec
/Users/mythezone/miniconda3/envs/py312/lib/python3.12/site-packages/pandas/core/indexes/timedeltas.py: total execution time 0.00000000 sec
/Users/mythezone/miniconda3/envs/py312/lib/python3.12/site-packages/pandas/core/sample.py: total execution time 0.00000000 sec
/Users/mythezone/miniconda3/envs/py312/lib/python3.12/site-packages/pandas/core/array_algos/replace.py: total execution time 0.00000000 sec
/Users/mythezone/miniconda3/envs/py312/lib/python3.12/site-packages/pandas/core/internals/__init__.py: total execution time 0.00000000 sec
/Users/mythezone/miniconda3/envs/py312/lib/python3.12/site-packages/pandas/core/internals/ops.py: total execution time 0.00000000 sec
/Users/mythezone/miniconda3/envs/py312/lib/python3.12/site-packages/pandas/core/methods/__init__.py: total execution time 0.00000000 sec
/Users/mythezone/miniconda3/envs/py312/lib/python3.12/site-packages/pandas/core/reshape/__init__.py: total execution time 0.00000000 sec
/Users/mythezone/miniconda3/envs/py312/lib/python3.12/zipfile/_path/__init__.py: total execution time 0.00000000 sec
/Users/mythezone/miniconda3/envs/py312/lib/python3.12/zipfile/_path/glob.py: total execution time 0.00000000 sec
/Users/mythezone/miniconda3/envs/py312/lib/python3.12/site-packages/pandas/core/window/__init__.py: total execution time 0.00000000 sec
/Users/mythezone/miniconda3/envs/py312/lib/python3.12/site-packages/pandas/_libs/window/__init__.py: total execution time 0.00000000 sec
/Users/mythezone/miniconda3/envs/py312/lib/python3.12/site-packages/pandas/core/window/common.py: total execution time 0.00000000 sec
/Users/mythezone/miniconda3/envs/py312/lib/python3.12/site-packages/pandas/arrays/__init__.py: total execution time 0.00000000 sec
/Users/mythezone/miniconda3/envs/py312/lib/python3.12/site-packages/pandas/plotting/__init__.py: total execution time 0.00000000 sec
/Users/mythezone/miniconda3/envs/py312/lib/python3.12/site-packages/pandas/core/groupby/base.py: total execution time 0.00000000 sec
/Users/mythezone/miniconda3/envs/py312/lib/python3.12/site-packages/pandas/tseries/api.py: total execution time 0.00000000 sec
/Users/mythezone/miniconda3/envs/py312/lib/python3.12/site-packages/pandas/core/computation/api.py: total execution time 0.00000000 sec
/Users/mythezone/miniconda3/envs/py312/lib/python3.12/site-packages/pandas/core/computation/engines.py: total execution time 0.00000000 sec
/Users/mythezone/miniconda3/envs/py312/lib/python3.12/site-packages/pandas/core/computation/common.py: total execution time 0.00000000 sec
/Users/mythezone/miniconda3/envs/py312/lib/python3.12/site-packages/pandas/core/computation/parsing.py: total execution time 0.00000000 sec
/Users/mythezone/miniconda3/envs/py312/lib/python3.12/site-packages/pandas/core/reshape/api.py: total execution time 0.00000000 sec
/Users/mythezone/miniconda3/envs/py312/lib/python3.12/site-packages/pandas/api/__init__.py: total execution time 0.00000000 sec
/Users/mythezone/miniconda3/envs/py312/lib/python3.12/site-packages/pandas/api/extensions/__init__.py: total execution time 0.00000000 sec
/Users/mythezone/miniconda3/envs/py312/lib/python3.12/site-packages/pandas/api/indexers/__init__.py: total execution time 0.00000000 sec
/Users/mythezone/miniconda3/envs/py312/lib/python3.12/site-packages/pandas/api/interchange/__init__.py: total execution time 0.00000000 sec
/Users/mythezone/miniconda3/envs/py312/lib/python3.12/site-packages/pandas/core/interchange/__init__.py: total execution time 0.00000000 sec
/Users/mythezone/miniconda3/envs/py312/lib/python3.12/site-packages/pandas/api/types/__init__.py: total execution time 0.00000000 sec
/Users/mythezone/miniconda3/envs/py312/lib/python3.12/site-packages/pandas/core/dtypes/api.py: total execution time 0.00000000 sec
/Users/mythezone/miniconda3/envs/py312/lib/python3.12/site-packages/pandas/api/typing/__init__.py: total execution time 0.00000000 sec
/Users/mythezone/miniconda3/envs/py312/lib/python3.12/site-packages/pandas/io/json/__init__.py: total execution time 0.00000000 sec
/Users/mythezone/miniconda3/envs/py312/lib/python3.12/site-packages/pandas/io/parsers/__init__.py: total execution time 0.00000000 sec
/Users/mythezone/miniconda3/envs/py312/lib/python3.12/site-packages/pandas/io/parsers/arrow_parser_wrapper.py: total execution time 0.00000000 sec
/Users/mythezone/miniconda3/envs/py312/lib/python3.12/site-packages/pandas/io/parsers/c_parser_wrapper.py: total execution time 0.00000000 sec
/Users/mythezone/miniconda3/envs/py312/lib/python3.12/site-packages/pandas/testing.py: total execution time 0.00000000 sec
/Users/mythezone/miniconda3/envs/py312/lib/python3.12/site-packages/pandas/_testing/_io.py: total execution time 0.00000000 sec
/Users/mythezone/miniconda3/envs/py312/lib/python3.12/site-packages/pandas/_testing/compat.py: total execution time 0.00000000 sec
/Users/mythezone/miniconda3/envs/py312/lib/python3.12/site-packages/pandas/util/_print_versions.py: total execution time 0.00000000 sec
/Users/mythezone/miniconda3/envs/py312/lib/python3.12/site-packages/pandas/io/excel/__init__.py: total execution time 0.00000000 sec
/Users/mythezone/miniconda3/envs/py312/lib/python3.12/site-packages/pandas/core/computation/pytables.py: total execution time 0.00000000 sec
/Users/mythezone/miniconda3/envs/py312/lib/python3.12/site-packages/pandas/io/sas/__init__.py: total execution time 0.00000000 sec
/Users/mythezone/miniconda3/envs/py312/lib/python3.12/site-packages/pandas/util/_tester.py: total execution time 0.00000000 sec
/Users/mythezone/miniconda3/envs/py312/lib/python3.12/site-packages/pandas/_version_meson.py: total execution time 0.00000000 sec
/Users/mythezone/project/gitlab/abides-acc/util/__init__.py: total execution time 0.00000000 sec
/Users/mythezone/miniconda3/envs/py312/lib/python3.12/site-packages/scipy/version.py: total execution time 0.00000000 sec
/Users/mythezone/miniconda3/envs/py312/lib/python3.12/site-packages/scipy/_distributor_init.py: total execution time 0.00000000 sec
/Users/mythezone/miniconda3/envs/py312/lib/python3.12/site-packages/scipy/_lib/__init__.py: total execution time 0.00000000 sec
/Users/mythezone/miniconda3/envs/py312/lib/python3.12/site-packages/scipy/_lib/_ccallback.py: total execution time 0.00000000 sec
/Users/mythezone/miniconda3/envs/py312/lib/python3.12/site-packages/numpy/typing/__init__.py: total execution time 0.00000000 sec
/Users/mythezone/miniconda3/envs/py312/lib/python3.12/site-packages/scipy/_lib/array_api_compat/__init__.py: total execution time 0.00000000 sec
/Users/mythezone/miniconda3/envs/py312/lib/python3.12/site-packages/scipy/_lib/array_api_compat/common/__init__.py: total execution time 0.00000000 sec
/Users/mythezone/miniconda3/envs/py312/lib/python3.12/site-packages/scipy/_lib/array_api_compat/numpy/__init__.py: total execution time 0.00000000 sec
/Users/mythezone/miniconda3/envs/py312/lib/python3.12/site-packages/scipy/_lib/array_api_compat/numpy/_info.py: total execution time 0.00000000 sec
/Users/mythezone/miniconda3/envs/py312/lib/python3.12/site-packages/scipy/_lib/array_api_compat/numpy/linalg.py: total execution time 0.00000000 sec
/Users/mythezone/miniconda3/envs/py312/lib/python3.12/site-packages/scipy/sparse/_matrix_io.py: total execution time 0.00000000 sec
/Users/mythezone/miniconda3/envs/py312/lib/python3.12/site-packages/scipy/sparse/csgraph/__init__.py: total execution time 0.00000000 sec
/Users/mythezone/miniconda3/envs/py312/lib/python3.12/site-packages/scipy/sparse/linalg/_isolve/__init__.py: total execution time 0.00000000 sec
/Users/mythezone/miniconda3/envs/py312/lib/python3.12/site-packages/scipy/sparse/linalg/_isolve/iterative.py: total execution time 0.00000000 sec
/Users/mythezone/miniconda3/envs/py312/lib/python3.12/site-packages/scipy/linalg/_decomp_ldl.py: total execution time 0.00000000 sec
/Users/mythezone/miniconda3/envs/py312/lib/python3.12/site-packages/scipy/linalg/_decomp_cholesky.py: total execution time 0.00000000 sec
/Users/mythezone/miniconda3/envs/py312/lib/python3.12/site-packages/scipy/linalg/_decomp_qr.py: total execution time 0.00000000 sec
/Users/mythezone/miniconda3/envs/py312/lib/python3.12/site-packages/scipy/linalg/_decomp_schur.py: total execution time 0.00000000 sec
/Users/mythezone/miniconda3/envs/py312/lib/python3.12/site-packages/scipy/linalg/_decomp_polar.py: total execution time 0.00000000 sec
/Users/mythezone/miniconda3/envs/py312/lib/python3.12/site-packages/scipy/linalg/_expm_frechet.py: total execution time 0.00000000 sec
/Users/mythezone/miniconda3/envs/py312/lib/python3.12/site-packages/scipy/linalg/_matfuncs_sqrtm.py: total execution time 0.00000000 sec
/Users/mythezone/miniconda3/envs/py312/lib/python3.12/site-packages/scipy/linalg/_special_matrices.py: total execution time 0.00000000 sec
/Users/mythezone/miniconda3/envs/py312/lib/python3.12/site-packages/scipy/linalg/_solvers.py: total execution time 0.00000000 sec
/Users/mythezone/miniconda3/envs/py312/lib/python3.12/site-packages/scipy/linalg/_procrustes.py: total execution time 0.00000000 sec
/Users/mythezone/miniconda3/envs/py312/lib/python3.12/site-packages/scipy/linalg/_sketches.py: total execution time 0.00000000 sec
/Users/mythezone/miniconda3/envs/py312/lib/python3.12/site-packages/scipy/linalg/decomp.py: total execution time 0.00000000 sec
/Users/mythezone/miniconda3/envs/py312/lib/python3.12/site-packages/scipy/linalg/decomp_cholesky.py: total execution time 0.00000000 sec
/Users/mythezone/miniconda3/envs/py312/lib/python3.12/site-packages/scipy/linalg/decomp_lu.py: total execution time 0.00000000 sec
/Users/mythezone/miniconda3/envs/py312/lib/python3.12/site-packages/scipy/linalg/decomp_qr.py: total execution time 0.00000000 sec
/Users/mythezone/miniconda3/envs/py312/lib/python3.12/site-packages/scipy/linalg/decomp_svd.py: total execution time 0.00000000 sec
/Users/mythezone/miniconda3/envs/py312/lib/python3.12/site-packages/scipy/linalg/decomp_schur.py: total execution time 0.00000000 sec
/Users/mythezone/miniconda3/envs/py312/lib/python3.12/site-packages/scipy/linalg/basic.py: total execution time 0.00000000 sec
/Users/mythezone/miniconda3/envs/py312/lib/python3.12/site-packages/scipy/linalg/misc.py: total execution time 0.00000000 sec
/Users/mythezone/miniconda3/envs/py312/lib/python3.12/site-packages/scipy/linalg/special_matrices.py: total execution time 0.00000000 sec
/Users/mythezone/miniconda3/envs/py312/lib/python3.12/site-packages/scipy/linalg/matfuncs.py: total execution time 0.00000000 sec
/Users/mythezone/miniconda3/envs/py312/lib/python3.12/site-packages/scipy/sparse/linalg/_isolve/minres.py: total execution time 0.00000000 sec
/Users/mythezone/miniconda3/envs/py312/lib/python3.12/site-packages/scipy/sparse/linalg/_isolve/lgmres.py: total execution time 0.00000000 sec
/Users/mythezone/miniconda3/envs/py312/lib/python3.12/site-packages/scipy/sparse/linalg/_isolve/lsqr.py: total execution time 0.00000000 sec
/Users/mythezone/miniconda3/envs/py312/lib/python3.12/site-packages/scipy/sparse/linalg/_isolve/tfqmr.py: total execution time 0.00000000 sec
/Users/mythezone/miniconda3/envs/py312/lib/python3.12/site-packages/scipy/sparse/linalg/_dsolve/__init__.py: total execution time 0.00000000 sec
/Users/mythezone/miniconda3/envs/py312/lib/python3.12/site-packages/scipy/sparse/linalg/_eigen/__init__.py: total execution time 0.00000000 sec
/Users/mythezone/miniconda3/envs/py312/lib/python3.12/site-packages/scipy/sparse/linalg/_eigen/arpack/__init__.py: total execution time 0.00000000 sec
/Users/mythezone/miniconda3/envs/py312/lib/python3.12/site-packages/scipy/_lib/_threadsafety.py: total execution time 0.00000000 sec
<decorator-gen-0>: total execution time 0.00000000 sec
/Users/mythezone/miniconda3/envs/py312/lib/python3.12/site-packages/scipy/sparse/linalg/_eigen/lobpcg/__init__.py: total execution time 0.00000000 sec
/Users/mythezone/miniconda3/envs/py312/lib/python3.12/site-packages/scipy/sparse/linalg/_onenormest.py: total execution time 0.00000000 sec
/Users/mythezone/miniconda3/envs/py312/lib/python3.12/site-packages/scipy/sparse/linalg/_norm.py: total execution time 0.00000000 sec
/Users/mythezone/miniconda3/envs/py312/lib/python3.12/site-packages/scipy/sparse/linalg/isolve.py: total execution time 0.00000000 sec
/Users/mythezone/miniconda3/envs/py312/lib/python3.12/site-packages/scipy/sparse/linalg/dsolve.py: total execution time 0.00000000 sec
/Users/mythezone/miniconda3/envs/py312/lib/python3.12/site-packages/scipy/sparse/linalg/interface.py: total execution time 0.00000000 sec
/Users/mythezone/miniconda3/envs/py312/lib/python3.12/site-packages/scipy/sparse/linalg/eigen.py: total execution time 0.00000000 sec
/Users/mythezone/miniconda3/envs/py312/lib/python3.12/site-packages/scipy/sparse/base.py: total execution time 0.00000000 sec
/Users/mythezone/miniconda3/envs/py312/lib/python3.12/site-packages/scipy/sparse/bsr.py: total execution time 0.00000000 sec
/Users/mythezone/miniconda3/envs/py312/lib/python3.12/site-packages/scipy/sparse/compressed.py: total execution time 0.00000000 sec
/Users/mythezone/miniconda3/envs/py312/lib/python3.12/site-packages/scipy/sparse/construct.py: total execution time 0.00000000 sec
/Users/mythezone/miniconda3/envs/py312/lib/python3.12/site-packages/scipy/sparse/coo.py: total execution time 0.00000000 sec
/Users/mythezone/miniconda3/envs/py312/lib/python3.12/site-packages/scipy/sparse/csc.py: total execution time 0.00000000 sec
/Users/mythezone/miniconda3/envs/py312/lib/python3.12/site-packages/scipy/sparse/csr.py: total execution time 0.00000000 sec
/Users/mythezone/miniconda3/envs/py312/lib/python3.12/site-packages/scipy/sparse/data.py: total execution time 0.00000000 sec
/Users/mythezone/miniconda3/envs/py312/lib/python3.12/site-packages/scipy/sparse/dia.py: total execution time 0.00000000 sec
/Users/mythezone/miniconda3/envs/py312/lib/python3.12/site-packages/scipy/sparse/dok.py: total execution time 0.00000000 sec
/Users/mythezone/miniconda3/envs/py312/lib/python3.12/site-packages/scipy/sparse/extract.py: total execution time 0.00000000 sec
/Users/mythezone/miniconda3/envs/py312/lib/python3.12/site-packages/scipy/sparse/lil.py: total execution time 0.00000000 sec
/Users/mythezone/miniconda3/envs/py312/lib/python3.12/site-packages/scipy/sparse/sparsetools.py: total execution time 0.00000000 sec
/Users/mythezone/miniconda3/envs/py312/lib/python3.12/site-packages/scipy/sparse/sputils.py: total execution time 0.00000000 sec
/Users/mythezone/miniconda3/envs/py312/lib/python3.12/site-packages/scipy/spatial/_spherical_voronoi.py: total execution time 0.00000000 sec
<decorator-gen-1>: total execution time 0.00000000 sec
<decorator-gen-2>: total execution time 0.00000000 sec
<decorator-gen-3>: total execution time 0.00000000 sec
<decorator-gen-4>: total execution time 0.00000000 sec
/Users/mythezone/miniconda3/envs/py312/lib/python3.12/site-packages/scipy/spatial/_procrustes.py: total execution time 0.00000000 sec
/Users/mythezone/miniconda3/envs/py312/lib/python3.12/site-packages/scipy/spatial/_geometric_slerp.py: total execution time 0.00000000 sec
/Users/mythezone/miniconda3/envs/py312/lib/python3.12/site-packages/scipy/special/__init__.py: total execution time 0.00000000 sec
/Users/mythezone/miniconda3/envs/py312/lib/python3.12/site-packages/scipy/special/_sf_error.py: total execution time 0.00000000 sec
/Users/mythezone/miniconda3/envs/py312/lib/python3.12/site-packages/scipy/special/_input_validation.py: total execution time 0.00000000 sec
/Users/mythezone/miniconda3/envs/py312/lib/python3.12/site-packages/scipy/special/_ellip_harm.py: total execution time 0.00000000 sec
/Users/mythezone/miniconda3/envs/py312/lib/python3.12/site-packages/scipy/special/_lambertw.py: total execution time 0.00000000 sec
/Users/mythezone/miniconda3/envs/py312/lib/python3.12/site-packages/scipy/special/add_newdocs.py: total execution time 0.00000000 sec
/Users/mythezone/miniconda3/envs/py312/lib/python3.12/site-packages/scipy/special/basic.py: total execution time 0.00000000 sec
/Users/mythezone/miniconda3/envs/py312/lib/python3.12/site-packages/scipy/special/orthogonal.py: total execution time 0.00000000 sec
/Users/mythezone/miniconda3/envs/py312/lib/python3.12/site-packages/scipy/special/specfun.py: total execution time 0.00000000 sec
/Users/mythezone/miniconda3/envs/py312/lib/python3.12/site-packages/scipy/special/sf_error.py: total execution time 0.00000000 sec
/Users/mythezone/miniconda3/envs/py312/lib/python3.12/site-packages/scipy/special/spfun_stats.py: total execution time 0.00000000 sec
/Users/mythezone/miniconda3/envs/py312/lib/python3.12/site-packages/scipy/spatial/ckdtree.py: total execution time 0.00000000 sec
/Users/mythezone/miniconda3/envs/py312/lib/python3.12/site-packages/scipy/spatial/kdtree.py: total execution time 0.00000000 sec
/Users/mythezone/miniconda3/envs/py312/lib/python3.12/site-packages/scipy/spatial/qhull.py: total execution time 0.00000000 sec
/Users/mythezone/miniconda3/envs/py312/lib/python3.12/site-packages/scipy/spatial/transform/_rotation_groups.py: total execution time 0.00000000 sec
/Users/mythezone/miniconda3/envs/py312/lib/python3.12/site-packages/scipy/constants/codata.py: total execution time 0.00000000 sec
/Users/mythezone/miniconda3/envs/py312/lib/python3.12/site-packages/scipy/constants/constants.py: total execution time 0.00000000 sec
/Users/mythezone/miniconda3/envs/py312/lib/python3.12/site-packages/scipy/spatial/transform/_rotation_spline.py: total execution time 0.00000000 sec
/Users/mythezone/miniconda3/envs/py312/lib/python3.12/site-packages/scipy/spatial/transform/rotation.py: total execution time 0.00000000 sec
/Users/mythezone/project/gitlab/abides-acc/util/order/__init__.py: total execution time 0.00000000 sec
/Users/mythezone/project/gitlab/abides-acc/agent/__init__.py: total execution time 0.00000000 sec
/Users/mythezone/project/gitlab/abides-acc/util/oracle/__init__.py: total execution time 0.00000000 sec
/Users/mythezone/project/gitlab/abides-acc/util/oracle/MeanRevertingOracle.py: total execution time 0.00000000 sec
/Users/mythezone/miniconda3/envs/py312/lib/python3.12/site-packages/tqdm/__init__.py: total execution time 0.00000000 sec
/Users/mythezone/miniconda3/envs/py312/lib/python3.12/site-packages/tqdm/_tqdm_pandas.py: total execution time 0.00000000 sec
/Users/mythezone/miniconda3/envs/py312/lib/python3.12/site-packages/tqdm/version.py: total execution time 0.00000000 sec
/Users/mythezone/miniconda3/envs/py312/lib/python3.12/site-packages/tqdm/_dist_ver.py: total execution time 0.00000000 sec
/Users/mythezone/miniconda3/envs/py312/lib/python3.12/site-packages/tqdm/gui.py: total execution time 0.00000000 sec
/Users/mythezone/project/gitlab/abides-acc/util/order/MarketOrder.py: total execution time 0.00000000 sec
/Users/mythezone/project/gitlab/abides-acc/agent/examples/__init__.py: total execution time 0.00000000 sec
