

# Total execution time per file:
# /Users/mythezone/miniconda3/envs/simlob312/lib/python3.12/site-packages/rich/__init__.py: 0.00000072 sec
# <frozen importlib._bootstrap>: 0.00814658 sec
# /Users/mythezone/miniconda3/envs/simlob312/lib/python3.12/site-packages/rich/console.py: 0.00004617 sec
# <frozen _collections_abc>: 0.00011466 sec
# <frozen os>: 0.00004578 sec
# /Users/mythezone/miniconda3/envs/simlob312/lib/python3.12/threading.py: 0.53445816 sec
# /Users/mythezone/miniconda3/envs/simlob312/lib/python3.12/site-packages/rich/_log_render.py: 0.00000000 sec
# /Users/mythezone/miniconda3/envs/simlob312/lib/python3.12/site-packages/rich/theme.py: 0.00000000 sec
# <string>: 0.00003958 sec
# /Users/mythezone/miniconda3/envs/simlob312/lib/python3.12/site-packages/rich/protocol.py: 0.00000095 sec
# /Users/mythezone/miniconda3/envs/simlob312/lib/python3.12/typing.py: 0.00487290 sec
# /Users/mythezone/miniconda3/envs/simlob312/lib/python3.12/site-packages/rich/markup.py: 0.00000000 sec
# /Users/mythezone/miniconda3/envs/simlob312/lib/python3.12/site-packages/rich/_emoji_replace.py: 0.00000095 sec
# /Users/mythezone/miniconda3/envs/simlob312/lib/python3.12/site-packages/rich/text.py: 0.00003715 sec
# /Users/mythezone/miniconda3/envs/simlob312/lib/python3.12/site-packages/rich/control.py: 0.00000262 sec
# /Users/mythezone/miniconda3/envs/simlob312/lib/python3.12/site-packages/rich/highlighter.py: 0.00000119 sec
# /Users/mythezone/miniconda3/envs/simlob312/lib/python3.12/re/__init__.py: 0.00035547 sec
# /Users/mythezone/miniconda3/envs/simlob312/lib/python3.12/re/_compiler.py: 0.00396506 sec
# /Users/mythezone/miniconda3/envs/simlob312/lib/python3.12/enum.py: 0.00100174 sec
# /Users/mythezone/miniconda3/envs/simlob312/lib/python3.12/re/_parser.py: 0.00891416 sec
# /Users/mythezone/miniconda3/envs/simlob312/lib/python3.12/site-packages/rich/_loop.py: 0.00000000 sec
# /Users/mythezone/miniconda3/envs/simlob312/lib/python3.12/inspect.py: 0.00913275 sec
# /Users/mythezone/miniconda3/envs/simlob312/lib/python3.12/site-packages/rich/_pick.py: 0.00000119 sec
# /Users/mythezone/miniconda3/envs/simlob312/lib/python3.12/site-packages/rich/containers.py: 0.00000119 sec
# /Users/mythezone/miniconda3/envs/simlob312/lib/python3.12/site-packages/rich/_wrap.py: 0.00000190 sec
# /Users/mythezone/miniconda3/envs/simlob312/lib/python3.12/site-packages/rich/cells.py: 0.00000119 sec
# /Users/mythezone/miniconda3/envs/simlob312/lib/python3.12/site-packages/rich/segment.py: 0.00000570 sec
# <frozen abc>: 0.01789165 sec
# /Users/mythezone/miniconda3/envs/simlob312/lib/python3.12/argparse.py: 0.00014907 sec
# <frozen posixpath>: 0.00272511 sec
# /Users/mythezone/miniconda3/envs/simlob312/lib/python3.12/gettext.py: 0.00002477 sec
# /Users/mythezone/miniconda3/envs/simlob312/lib/python3.12/locale.py: 0.00001451 sec
# /Users/mythezone/miniconda3/envs/simlob312/lib/python3.12/encodings/__init__.py: 0.00000357 sec
# <frozen genericpath>: 0.00000285 sec
# /Users/mythezone/miniconda3/envs/simlob312/lib/python3.12/shutil.py: 0.00000381 sec
# /Users/mythezone/miniconda3/envs/simlob312/lib/python3.12/importlib/__init__.py: 0.00000095 sec
# /Users/mythezone/miniconda3/envs/simlob312/lib/python3.12/site-packages/_distutils_hack/__init__.py: 0.00005317 sec
# <frozen importlib._bootstrap_external>: 0.00666973 sec
# /Users/mythezone/project/gitlab/abides-acc/config/__init__.py: 0.00000000 sec
# <frozen zipimport>: 0.00002790 sec
# /Users/mythezone/project/gitlab/abides-acc/config/rmsc03.py: 0.00162023 sec
# /Users/mythezone/miniconda3/envs/simlob312/lib/python3.12/site-packages/numpy/__init__.py: 0.00000476 sec
# /Users/mythezone/miniconda3/envs/simlob312/lib/python3.12/site-packages/numpy/_globals.py: 0.00000238 sec
# /Users/mythezone/miniconda3/envs/simlob312/lib/python3.12/site-packages/numpy/_utils/__init__.py: 0.00002337 sec
# /Users/mythezone/miniconda3/envs/simlob312/lib/python3.12/site-packages/numpy/_utils/_convertions.py: 0.00000000 sec
# /Users/mythezone/miniconda3/envs/simlob312/lib/python3.12/site-packages/numpy/_expired_attrs_2_0.py: 0.00000404 sec
# /Users/mythezone/miniconda3/envs/simlob312/lib/python3.12/site-packages/numpy/version.py: 0.00000095 sec
# /Users/mythezone/miniconda3/envs/simlob312/lib/python3.12/site-packages/numpy/_distributor_init.py: 0.00000095 sec
# /Users/mythezone/miniconda3/envs/simlob312/lib/python3.12/site-packages/numpy/__config__.py: 0.00003574 sec
# /Users/mythezone/miniconda3/envs/simlob312/lib/python3.12/site-packages/numpy/_core/__init__.py: 0.00000190 sec
# /Users/mythezone/miniconda3/envs/simlob312/lib/python3.12/site-packages/numpy/_core/multiarray.py: 0.00150084 sec
# /Users/mythezone/miniconda3/envs/simlob312/lib/python3.12/site-packages/numpy/_core/overrides.py: 0.00021430 sec
# /Users/mythezone/miniconda3/envs/simlob312/lib/python3.12/site-packages/numpy/_utils/_inspect.py: 0.00036788 sec
# /Users/mythezone/miniconda3/envs/simlob312/lib/python3.12/site-packages/numpy/exceptions.py: 0.00000404 sec
# /Users/mythezone/miniconda3/envs/simlob312/lib/python3.12/site-packages/numpy/_core/_exceptions.py: 0.00000214 sec
# /Users/mythezone/miniconda3/envs/simlob312/lib/python3.12/site-packages/numpy/_core/printoptions.py: 0.00000000 sec
# /Users/mythezone/miniconda3/envs/simlob312/lib/python3.12/contextvars.py: 0.00000000 sec
# /Users/mythezone/miniconda3/envs/simlob312/lib/python3.12/site-packages/numpy/dtypes.py: 0.00000167 sec
# /Users/mythezone/miniconda3/envs/simlob312/lib/python3.12/collections/__init__.py: 0.00012135 sec
# /Users/mythezone/miniconda3/envs/simlob312/lib/python3.12/functools.py: 0.00063180 sec
# /Users/mythezone/miniconda3/envs/simlob312/lib/python3.12/site-packages/numpy/_core/umath.py: 0.00000000 sec
# /Users/mythezone/miniconda3/envs/simlob312/lib/python3.12/site-packages/numpy/_core/numerictypes.py: 0.00114988 sec
# /Users/mythezone/miniconda3/envs/simlob312/lib/python3.12/site-packages/numpy/_core/_string_helpers.py: 0.00000000 sec
# /Users/mythezone/miniconda3/envs/simlob312/lib/python3.12/site-packages/numpy/_core/_type_aliases.py: 0.00003076 sec
# /Users/mythezone/miniconda3/envs/simlob312/lib/python3.12/site-packages/numpy/_core/_dtype.py: 0.00294398 sec
# /Users/mythezone/miniconda3/envs/simlob312/lib/python3.12/site-packages/numpy/_core/numeric.py: 0.08748696 sec
# /Users/mythezone/miniconda3/envs/simlob312/lib/python3.12/site-packages/numpy/_core/shape_base.py: 0.00079038 sec
# /Users/mythezone/miniconda3/envs/simlob312/lib/python3.12/site-packages/numpy/_core/fromnumeric.py: 3.09208223 sec
# /Users/mythezone/miniconda3/envs/simlob312/lib/python3.12/site-packages/numpy/_core/_methods.py: 0.00291275 sec
# /Users/mythezone/miniconda3/envs/simlob312/lib/python3.12/pickle.py: 0.00001476 sec
# /Users/mythezone/miniconda3/envs/simlob312/lib/python3.12/_compat_pickle.py: 0.00000929 sec
# /Users/mythezone/miniconda3/envs/simlob312/lib/python3.12/site-packages/numpy/_core/_ufunc_config.py: 0.00151204 sec
# /Users/mythezone/miniconda3/envs/simlob312/lib/python3.12/site-packages/numpy/_core/arrayprint.py: 0.00001095 sec
# /Users/mythezone/miniconda3/envs/simlob312/lib/python3.12/contextlib.py: 0.00000977 sec
# /Users/mythezone/miniconda3/envs/simlob312/lib/python3.12/site-packages/numpy/_core/_asarray.py: 0.00301933 sec
# /Users/mythezone/miniconda3/envs/simlob312/lib/python3.12/site-packages/numpy/_core/records.py: 0.00000475 sec
# /Users/mythezone/miniconda3/envs/simlob312/lib/python3.12/site-packages/numpy/_core/memmap.py: 0.00000214 sec
# /Users/mythezone/miniconda3/envs/simlob312/lib/python3.12/site-packages/numpy/_core/function_base.py: 0.00012564 sec
# /Users/mythezone/miniconda3/envs/simlob312/lib/python3.12/site-packages/numpy/_core/_machar.py: 0.00000000 sec
# /Users/mythezone/miniconda3/envs/simlob312/lib/python3.12/site-packages/numpy/_core/getlimits.py: 0.00041217 sec
# /Users/mythezone/miniconda3/envs/simlob312/lib/python3.12/site-packages/numpy/_core/einsumfunc.py: 0.00000000 sec
# /Users/mythezone/miniconda3/envs/simlob312/lib/python3.12/site-packages/numpy/_core/_add_newdocs.py: 0.00002117 sec
# /Users/mythezone/miniconda3/envs/simlob312/lib/python3.12/site-packages/numpy/_core/_add_newdocs_scalars.py: 0.00003384 sec
# /Users/mythezone/miniconda3/envs/simlob312/lib/python3.12/site-packages/numpy/_core/_dtype_ctypes.py: 0.00000477 sec
# /Users/mythezone/miniconda3/envs/simlob312/lib/python3.12/site-packages/numpy/_core/_internal.py: 0.00002956 sec
# /Users/mythezone/miniconda3/envs/simlob312/lib/python3.12/ctypes/__init__.py: 0.00000976 sec
# /Users/mythezone/miniconda3/envs/simlob312/lib/python3.12/ctypes/_endian.py: 0.00000119 sec
# /Users/mythezone/miniconda3/envs/simlob312/lib/python3.12/copyreg.py: 0.00000095 sec
# /Users/mythezone/miniconda3/envs/simlob312/lib/python3.12/site-packages/numpy/_pytesttester.py: 0.00000000 sec
# /Users/mythezone/miniconda3/envs/simlob312/lib/python3.12/site-packages/numpy/lib/__init__.py: 0.00000095 sec
# /Users/mythezone/miniconda3/envs/simlob312/lib/python3.12/site-packages/numpy/lib/array_utils.py: 0.00000000 sec
# /Users/mythezone/miniconda3/envs/simlob312/lib/python3.12/site-packages/numpy/lib/_array_utils_impl.py: 0.00000000 sec
# /Users/mythezone/miniconda3/envs/simlob312/lib/python3.12/site-packages/numpy/lib/introspect.py: 0.00000000 sec
# /Users/mythezone/miniconda3/envs/simlob312/lib/python3.12/site-packages/numpy/lib/mixins.py: 0.00000547 sec
# /Users/mythezone/miniconda3/envs/simlob312/lib/python3.12/site-packages/numpy/lib/npyio.py: 0.00000000 sec
# /Users/mythezone/miniconda3/envs/simlob312/lib/python3.12/site-packages/numpy/lib/_npyio_impl.py: 0.00000760 sec
# /Users/mythezone/miniconda3/envs/simlob312/lib/python3.12/site-packages/numpy/lib/format.py: 0.00000095 sec
# /Users/mythezone/miniconda3/envs/simlob312/lib/python3.12/site-packages/numpy/lib/_utils_impl.py: 0.00000000 sec
# /Users/mythezone/miniconda3/envs/simlob312/lib/python3.12/site-packages/numpy/lib/_datasource.py: 0.00000119 sec
# /Users/mythezone/miniconda3/envs/simlob312/lib/python3.12/site-packages/numpy/lib/_iotools.py: 0.00000452 sec
# /Users/mythezone/miniconda3/envs/simlob312/lib/python3.12/site-packages/numpy/lib/scimath.py: 0.00000000 sec
# /Users/mythezone/miniconda3/envs/simlob312/lib/python3.12/site-packages/numpy/lib/_scimath_impl.py: 0.00000309 sec
# /Users/mythezone/miniconda3/envs/simlob312/lib/python3.12/site-packages/numpy/lib/_type_check_impl.py: 0.00000119 sec
# /Users/mythezone/miniconda3/envs/simlob312/lib/python3.12/site-packages/numpy/lib/_ufunclike_impl.py: 0.00000000 sec
# /Users/mythezone/miniconda3/envs/simlob312/lib/python3.12/site-packages/numpy/lib/stride_tricks.py: 0.00000000 sec
# /Users/mythezone/miniconda3/envs/simlob312/lib/python3.12/site-packages/numpy/lib/_stride_tricks_impl.py: 0.00000476 sec
# /Users/mythezone/miniconda3/envs/simlob312/lib/python3.12/site-packages/numpy/lib/_index_tricks_impl.py: 0.00000333 sec
# /Users/mythezone/miniconda3/envs/simlob312/lib/python3.12/site-packages/numpy/matrixlib/__init__.py: 0.00000000 sec
# /Users/mythezone/miniconda3/envs/simlob312/lib/python3.12/site-packages/numpy/matrixlib/defmatrix.py: 0.00000214 sec
# /Users/mythezone/miniconda3/envs/simlob312/lib/python3.12/site-packages/numpy/linalg/__init__.py: 0.00000000 sec
# /Users/mythezone/miniconda3/envs/simlob312/lib/python3.12/site-packages/numpy/linalg/linalg.py: 0.00000000 sec
# /Users/mythezone/miniconda3/envs/simlob312/lib/python3.12/site-packages/numpy/linalg/_linalg.py: 0.00001236 sec
# /Users/mythezone/miniconda3/envs/simlob312/lib/python3.12/site-packages/numpy/lib/_twodim_base_impl.py: 0.00000190 sec
# /Users/mythezone/miniconda3/envs/simlob312/lib/python3.12/site-packages/numpy/_typing/__init__.py: 0.00000214 sec
# /Users/mythezone/miniconda3/envs/simlob312/lib/python3.12/site-packages/numpy/_typing/_nested_sequence.py: 0.00000095 sec
# /Users/mythezone/miniconda3/envs/simlob312/lib/python3.12/site-packages/numpy/_typing/_nbit_base.py: 0.00000428 sec
# /Users/mythezone/miniconda3/envs/simlob312/lib/python3.12/site-packages/numpy/_typing/_nbit.py: 0.00000000 sec
# /Users/mythezone/miniconda3/envs/simlob312/lib/python3.12/site-packages/numpy/_typing/_char_codes.py: 0.00000380 sec
# /Users/mythezone/miniconda3/envs/simlob312/lib/python3.12/site-packages/numpy/_typing/_scalars.py: 0.00000095 sec
# /Users/mythezone/miniconda3/envs/simlob312/lib/python3.12/site-packages/numpy/_typing/_shape.py: 0.00000000 sec
# /Users/mythezone/miniconda3/envs/simlob312/lib/python3.12/site-packages/numpy/_typing/_dtype_like.py: 0.00000998 sec
# /Users/mythezone/miniconda3/envs/simlob312/lib/python3.12/site-packages/numpy/_typing/_array_like.py: 0.00000285 sec
# /Users/mythezone/miniconda3/envs/simlob312/lib/python3.12/site-packages/numpy/_typing/_ufunc.py: 0.00000000 sec
# /Users/mythezone/miniconda3/envs/simlob312/lib/python3.12/site-packages/numpy/lib/_function_base_impl.py: 0.00001380 sec
# /Users/mythezone/miniconda3/envs/simlob312/lib/python3.12/site-packages/numpy/lib/_histograms_impl.py: 0.00000190 sec
# /Users/mythezone/miniconda3/envs/simlob312/lib/python3.12/site-packages/numpy/lib/_nanfunctions_impl.py: 0.00000642 sec
# /Users/mythezone/miniconda3/envs/simlob312/lib/python3.12/site-packages/numpy/lib/_shape_base_impl.py: 0.00000380 sec
# /Users/mythezone/miniconda3/envs/simlob312/lib/python3.12/site-packages/numpy/lib/_arraysetops_impl.py: 0.00000095 sec
# /Users/mythezone/miniconda3/envs/simlob312/lib/python3.12/site-packages/numpy/lib/_polynomial_impl.py: 0.00000428 sec
# /Users/mythezone/miniconda3/envs/simlob312/lib/python3.12/warnings.py: 0.00454927 sec
# /Users/mythezone/miniconda3/envs/simlob312/lib/python3.12/site-packages/numpy/lib/_arrayterator_impl.py: 0.00000095 sec
# /Users/mythezone/miniconda3/envs/simlob312/lib/python3.12/site-packages/numpy/lib/_arraypad_impl.py: 0.00000095 sec
# /Users/mythezone/miniconda3/envs/simlob312/lib/python3.12/site-packages/numpy/lib/_version.py: 0.00000095 sec
# /Users/mythezone/miniconda3/envs/simlob312/lib/python3.12/site-packages/numpy/_array_api_info.py: 0.00000000 sec
# /Users/mythezone/miniconda3/envs/simlob312/lib/python3.12/site-packages/pandas/__init__.py: 0.00000000 sec
# /Users/mythezone/miniconda3/envs/simlob312/lib/python3.12/site-packages/pytz/__init__.py: 0.00000452 sec
# /Users/mythezone/miniconda3/envs/simlob312/lib/python3.12/site-packages/pytz/exceptions.py: 0.00000000 sec
# /Users/mythezone/miniconda3/envs/simlob312/lib/python3.12/site-packages/pytz/lazy.py: 0.00002289 sec
# /Users/mythezone/miniconda3/envs/simlob312/lib/python3.12/site-packages/pytz/tzinfo.py: 0.00000499 sec
# /Users/mythezone/miniconda3/envs/simlob312/lib/python3.12/site-packages/pytz/tzfile.py: 0.00000000 sec
# /Users/mythezone/miniconda3/envs/simlob312/lib/python3.12/site-packages/dateutil/__init__.py: 0.00000000 sec
# /Users/mythezone/miniconda3/envs/simlob312/lib/python3.12/site-packages/dateutil/_version.py: 0.00000167 sec
# /Users/mythezone/miniconda3/envs/simlob312/lib/python3.12/site-packages/pandas/compat/__init__.py: 0.00000000 sec
# /Users/mythezone/miniconda3/envs/simlob312/lib/python3.12/site-packages/pandas/compat/_constants.py: 0.00000000 sec
# /Users/mythezone/miniconda3/envs/simlob312/lib/python3.12/sysconfig.py: 0.00018641 sec
# /Users/mythezone/miniconda3/envs/simlob312/lib/python3.12/platform.py: 0.00000000 sec
# /Users/mythezone/miniconda3/envs/simlob312/lib/python3.12/_sysconfigdata__darwin_darwin.py: 0.00005240 sec
# /Users/mythezone/miniconda3/envs/simlob312/lib/python3.12/_osx_support.py: 0.00000285 sec
# <frozen codecs>: 0.00000000 sec
# /Users/mythezone/miniconda3/envs/simlob312/lib/python3.12/site-packages/pandas/compat/compressors.py: 0.00000000 sec
# /Users/mythezone/miniconda3/envs/simlob312/lib/python3.12/site-packages/pandas/compat/numpy/__init__.py: 0.00000000 sec
# /Users/mythezone/miniconda3/envs/simlob312/lib/python3.12/site-packages/pandas/util/__init__.py: 0.00000000 sec
# /Users/mythezone/miniconda3/envs/simlob312/lib/python3.12/site-packages/pandas/util/version/__init__.py: 0.00001712 sec
# /Users/mythezone/miniconda3/envs/simlob312/lib/python3.12/site-packages/pandas/compat/pyarrow.py: 0.00000000 sec
# /Users/mythezone/miniconda3/envs/simlob312/lib/python3.12/site-packages/pandas/_config/__init__.py: 0.00580405 sec
# /Users/mythezone/miniconda3/envs/simlob312/lib/python3.12/site-packages/pandas/_config/config.py: 0.00746080 sec
# /Users/mythezone/miniconda3/envs/simlob312/lib/python3.12/site-packages/pandas/_typing.py: 0.00000904 sec
# /Users/mythezone/miniconda3/envs/simlob312/lib/python3.12/site-packages/numpy/random/__init__.py: 0.00000000 sec
# /Users/mythezone/miniconda3/envs/simlob312/lib/python3.12/site-packages/numpy/random/_pickle.py: 0.00000000 sec
# /Users/mythezone/miniconda3/envs/simlob312/lib/python3.12/secrets.py: 0.00000000 sec
# /Users/mythezone/miniconda3/envs/simlob312/lib/python3.12/hmac.py: 0.00001430 sec
# /Users/mythezone/miniconda3/envs/simlob312/lib/python3.12/hashlib.py: 0.00000714 sec
# /Users/mythezone/miniconda3/envs/simlob312/lib/python3.12/random.py: 0.00061774 sec
# /Users/mythezone/miniconda3/envs/simlob312/lib/python3.12/site-packages/pandas/util/_exceptions.py: 0.00291895 sec
# /Users/mythezone/miniconda3/envs/simlob312/lib/python3.12/site-packages/pandas/_config/dates.py: 0.00000095 sec
# /Users/mythezone/miniconda3/envs/simlob312/lib/python3.12/site-packages/pandas/_config/display.py: 0.00000000 sec
# /Users/mythezone/miniconda3/envs/simlob312/lib/python3.12/site-packages/pandas/core/__init__.py: 0.00000000 sec
# /Users/mythezone/miniconda3/envs/simlob312/lib/python3.12/site-packages/pandas/core/config_init.py: 0.00001475 sec
# /Users/mythezone/miniconda3/envs/simlob312/lib/python3.12/site-packages/pandas/core/api.py: 0.00000000 sec
# /Users/mythezone/miniconda3/envs/simlob312/lib/python3.12/site-packages/pandas/_libs/__init__.py: 0.00000095 sec
# /Users/mythezone/miniconda3/envs/simlob312/lib/python3.12/site-packages/pandas/_libs/tslibs/__init__.py: 0.00000095 sec
# /Users/mythezone/miniconda3/envs/simlob312/lib/python3.12/site-packages/pandas/compat/_optional.py: 0.00000404 sec
# /Users/mythezone/miniconda3/envs/simlob312/lib/python3.12/zoneinfo/__init__.py: 0.00000000 sec
# /Users/mythezone/miniconda3/envs/simlob312/lib/python3.12/zoneinfo/_tzpath.py: 0.00000000 sec
# /Users/mythezone/miniconda3/envs/simlob312/lib/python3.12/zoneinfo/_common.py: 0.00000095 sec
# /Users/mythezone/miniconda3/envs/simlob312/lib/python3.12/weakref.py: 0.00000214 sec
# /Users/mythezone/miniconda3/envs/simlob312/lib/python3.12/site-packages/dateutil/tz/__init__.py: 0.00000000 sec
# /Users/mythezone/miniconda3/envs/simlob312/lib/python3.12/site-packages/dateutil/tz/tz.py: 0.00000903 sec
# /Users/mythezone/miniconda3/envs/simlob312/lib/python3.12/site-packages/six.py: 0.00005622 sec
# /Users/mythezone/miniconda3/envs/simlob312/lib/python3.12/site-packages/dateutil/tz/_common.py: 0.00000381 sec
# /Users/mythezone/miniconda3/envs/simlob312/lib/python3.12/site-packages/dateutil/tz/_factories.py: 0.00000285 sec
# /Users/mythezone/miniconda3/envs/simlob312/lib/python3.12/site-packages/dateutil/tz/win.py: 0.00000000 sec
# /Users/mythezone/miniconda3/envs/simlob312/lib/python3.12/_strptime.py: 0.00006695 sec
# /Users/mythezone/miniconda3/envs/simlob312/lib/python3.12/calendar.py: 0.00001598 sec
# /Users/mythezone/miniconda3/envs/simlob312/lib/python3.12/site-packages/pandas/_config/localization.py: 0.00000000 sec
# /Users/mythezone/miniconda3/envs/simlob312/lib/python3.12/subprocess.py: 0.00000404 sec
# /Users/mythezone/miniconda3/envs/simlob312/lib/python3.12/signal.py: 0.00001955 sec
# /Users/mythezone/miniconda3/envs/simlob312/lib/python3.12/types.py: 0.00000691 sec
# /Users/mythezone/miniconda3/envs/simlob312/lib/python3.12/site-packages/dateutil/parser/__init__.py: 0.00000167 sec
# /Users/mythezone/miniconda3/envs/simlob312/lib/python3.12/site-packages/dateutil/parser/_parser.py: 0.00004981 sec
# /Users/mythezone/miniconda3/envs/simlob312/lib/python3.12/site-packages/dateutil/relativedelta.py: 0.00000190 sec
# /Users/mythezone/miniconda3/envs/simlob312/lib/python3.12/site-packages/dateutil/_common.py: 0.00000000 sec
# /Users/mythezone/miniconda3/envs/simlob312/lib/python3.12/site-packages/dateutil/parser/isoparser.py: 0.00000000 sec
# /Users/mythezone/miniconda3/envs/simlob312/lib/python3.12/site-packages/pandas/core/dtypes/__init__.py: 0.00000000 sec
# /Users/mythezone/miniconda3/envs/simlob312/lib/python3.12/site-packages/pandas/core/dtypes/dtypes.py: 0.00131432 sec
# /Users/mythezone/miniconda3/envs/simlob312/lib/python3.12/site-packages/pandas/errors/__init__.py: 0.00006889 sec
# /Users/mythezone/miniconda3/envs/simlob312/lib/python3.12/site-packages/pandas/core/dtypes/base.py: 0.00055526 sec
# /Users/mythezone/miniconda3/envs/simlob312/lib/python3.12/site-packages/pandas/core/dtypes/generic.py: 0.01417254 sec
# /Users/mythezone/miniconda3/envs/simlob312/lib/python3.12/site-packages/pandas/core/dtypes/inference.py: 0.00470517 sec
# /Users/mythezone/miniconda3/envs/simlob312/lib/python3.12/site-packages/pandas/core/dtypes/missing.py: 0.00686668 sec
# /Users/mythezone/miniconda3/envs/simlob312/lib/python3.12/site-packages/pandas/core/dtypes/common.py: 0.02571322 sec
# /Users/mythezone/miniconda3/envs/simlob312/lib/python3.12/site-packages/pandas/core/algorithms.py: 0.00348354 sec
# /Users/mythezone/miniconda3/envs/simlob312/lib/python3.12/site-packages/pandas/util/_decorators.py: 0.00048493 sec
# /Users/mythezone/miniconda3/envs/simlob312/lib/python3.12/site-packages/pandas/core/dtypes/cast.py: 0.01435016 sec
# /Users/mythezone/miniconda3/envs/simlob312/lib/python3.12/site-packages/pandas/io/__init__.py: 0.00000000 sec
# /Users/mythezone/miniconda3/envs/simlob312/lib/python3.12/site-packages/pandas/io/_util.py: 0.00000000 sec
# /Users/mythezone/miniconda3/envs/simlob312/lib/python3.12/site-packages/pandas/core/dtypes/concat.py: 0.00053741 sec
# /Users/mythezone/miniconda3/envs/simlob312/lib/python3.12/site-packages/pandas/core/dtypes/astype.py: 0.00000333 sec
# /Users/mythezone/miniconda3/envs/simlob312/lib/python3.12/site-packages/pandas/core/array_algos/__init__.py: 0.00000000 sec
# /Users/mythezone/miniconda3/envs/simlob312/lib/python3.12/site-packages/pandas/core/array_algos/take.py: 0.01125569 sec
# /Users/mythezone/miniconda3/envs/simlob312/lib/python3.12/site-packages/pandas/core/construction.py: 0.03524399 sec
# /Users/mythezone/miniconda3/envs/simlob312/lib/python3.12/site-packages/numpy/ma/__init__.py: 0.00000000 sec
# /Users/mythezone/miniconda3/envs/simlob312/lib/python3.12/site-packages/numpy/ma/core.py: 0.00006781 sec
# /Users/mythezone/miniconda3/envs/simlob312/lib/python3.12/textwrap.py: 0.00258373 sec
# /Users/mythezone/miniconda3/envs/simlob312/lib/python3.12/site-packages/numpy/ma/extras.py: 0.00000643 sec
# /Users/mythezone/miniconda3/envs/simlob312/lib/python3.12/site-packages/pandas/core/common.py: 0.00377822 sec
# /Users/mythezone/miniconda3/envs/simlob312/lib/python3.12/site-packages/pandas/core/indexers/__init__.py: 0.00000000 sec
# /Users/mythezone/miniconda3/envs/simlob312/lib/python3.12/site-packages/pandas/core/indexers/utils.py: 0.00294993 sec
# /Users/mythezone/miniconda3/envs/simlob312/lib/python3.12/site-packages/pandas/core/arrays/__init__.py: 0.00000000 sec
# /Users/mythezone/miniconda3/envs/simlob312/lib/python3.12/site-packages/pandas/core/arrays/arrow/__init__.py: 0.00000000 sec
# /Users/mythezone/miniconda3/envs/simlob312/lib/python3.12/site-packages/pandas/core/arrays/arrow/accessors.py: 0.00000000 sec
# /Users/mythezone/miniconda3/envs/simlob312/lib/python3.12/site-packages/pandas/core/arrays/arrow/array.py: 0.00001545 sec
# /Users/mythezone/miniconda3/envs/simlob312/lib/python3.12/site-packages/pandas/util/_validators.py: 0.00121689 sec
# /Users/mythezone/miniconda3/envs/simlob312/lib/python3.12/site-packages/pandas/core/missing.py: 0.00001000 sec
# /Users/mythezone/miniconda3/envs/simlob312/lib/python3.12/site-packages/pandas/core/ops/__init__.py: 0.00000000 sec
# /Users/mythezone/miniconda3/envs/simlob312/lib/python3.12/site-packages/pandas/core/ops/array_ops.py: 0.00077417 sec
# /Users/mythezone/miniconda3/envs/simlob312/lib/python3.12/site-packages/pandas/core/roperator.py: 0.00000000 sec
# /Users/mythezone/miniconda3/envs/simlob312/lib/python3.12/site-packages/pandas/core/computation/__init__.py: 0.00000000 sec
# /Users/mythezone/miniconda3/envs/simlob312/lib/python3.12/site-packages/pandas/core/computation/expressions.py: 0.00011324 sec
# /Users/mythezone/miniconda3/envs/simlob312/lib/python3.12/site-packages/pandas/core/computation/check.py: 0.00000000 sec
# /Users/mythezone/miniconda3/envs/simlob312/lib/python3.12/site-packages/pandas/core/ops/missing.py: 0.00016498 sec
# /Users/mythezone/miniconda3/envs/simlob312/lib/python3.12/site-packages/pandas/core/ops/dispatch.py: 0.00006151 sec
# /Users/mythezone/miniconda3/envs/simlob312/lib/python3.12/site-packages/pandas/core/ops/invalid.py: 0.00000309 sec
# /Users/mythezone/miniconda3/envs/simlob312/lib/python3.12/site-packages/pandas/core/ops/common.py: 0.00080777 sec
# /Users/mythezone/miniconda3/envs/simlob312/lib/python3.12/site-packages/pandas/core/ops/docstrings.py: 0.00003052 sec
# /Users/mythezone/miniconda3/envs/simlob312/lib/python3.12/site-packages/pandas/core/ops/mask_ops.py: 0.00000000 sec
# /Users/mythezone/miniconda3/envs/simlob312/lib/python3.12/site-packages/pandas/core/arraylike.py: 0.00010943 sec
# /Users/mythezone/miniconda3/envs/simlob312/lib/python3.12/site-packages/pandas/core/arrays/_arrow_string_mixins.py: 0.00000000 sec
# /Users/mythezone/miniconda3/envs/simlob312/lib/python3.12/site-packages/pandas/core/arrays/_utils.py: 0.00000000 sec
# /Users/mythezone/miniconda3/envs/simlob312/lib/python3.12/site-packages/pandas/core/arrays/base.py: 0.00026701 sec
# /Users/mythezone/miniconda3/envs/simlob312/lib/python3.12/site-packages/pandas/compat/numpy/function.py: 0.00079843 sec
# /Users/mythezone/miniconda3/envs/simlob312/lib/python3.12/site-packages/pandas/core/array_algos/quantile.py: 0.00000119 sec
# /Users/mythezone/miniconda3/envs/simlob312/lib/python3.12/site-packages/pandas/core/sorting.py: 0.00134681 sec
# /Users/mythezone/miniconda3/envs/simlob312/lib/python3.12/site-packages/pandas/core/arrays/masked.py: 0.00000999 sec
# /Users/mythezone/miniconda3/envs/simlob312/lib/python3.12/site-packages/pandas/core/nanops.py: 0.00389833 sec
# /Users/mythezone/miniconda3/envs/simlob312/lib/python3.12/site-packages/pandas/core/array_algos/masked_accumulations.py: 0.00000000 sec
# /Users/mythezone/miniconda3/envs/simlob312/lib/python3.12/site-packages/pandas/core/array_algos/masked_reductions.py: 0.00000214 sec
# /Users/mythezone/miniconda3/envs/simlob312/lib/python3.12/site-packages/pandas/core/util/__init__.py: 0.00000000 sec
# /Users/mythezone/miniconda3/envs/simlob312/lib/python3.12/site-packages/pandas/core/util/hashing.py: 0.00000285 sec
# /Users/mythezone/miniconda3/envs/simlob312/lib/python3.12/site-packages/pandas/core/arrays/string_.py: 0.00000429 sec
# /Users/mythezone/miniconda3/envs/simlob312/lib/python3.12/site-packages/pandas/core/arrays/floating.py: 0.00000000 sec
# /Users/mythezone/miniconda3/envs/simlob312/lib/python3.12/site-packages/pandas/core/arrays/numeric.py: 0.00000380 sec
# /Users/mythezone/miniconda3/envs/simlob312/lib/python3.12/site-packages/pandas/core/arrays/integer.py: 0.00000667 sec
# /Users/mythezone/miniconda3/envs/simlob312/lib/python3.12/site-packages/pandas/core/arrays/numpy_.py: 0.00000689 sec
# /Users/mythezone/miniconda3/envs/simlob312/lib/python3.12/site-packages/pandas/core/arrays/_mixins.py: 0.00202344 sec
# /Users/mythezone/miniconda3/envs/simlob312/lib/python3.12/site-packages/pandas/core/array_algos/transforms.py: 0.00000000 sec
# /Users/mythezone/miniconda3/envs/simlob312/lib/python3.12/site-packages/pandas/core/strings/__init__.py: 0.00000000 sec
# /Users/mythezone/miniconda3/envs/simlob312/lib/python3.12/site-packages/pandas/core/strings/object_array.py: 0.00000285 sec
# /Users/mythezone/miniconda3/envs/simlob312/lib/python3.12/site-packages/pandas/core/strings/base.py: 0.00000999 sec
# /Users/mythezone/miniconda3/envs/simlob312/lib/python3.12/site-packages/pandas/tseries/__init__.py: 0.00000000 sec
# /Users/mythezone/miniconda3/envs/simlob312/lib/python3.12/site-packages/pandas/tseries/frequencies.py: 0.00001024 sec
# /Users/mythezone/miniconda3/envs/simlob312/lib/python3.12/site-packages/pandas/core/arrays/boolean.py: 0.00000666 sec
# /Users/mythezone/miniconda3/envs/simlob312/lib/python3.12/site-packages/pandas/core/arrays/categorical.py: 0.00001880 sec
# /Users/mythezone/miniconda3/envs/simlob312/lib/python3.12/site-packages/pandas/core/accessor.py: 0.00006032 sec
# /Users/mythezone/miniconda3/envs/simlob312/lib/python3.12/site-packages/pandas/core/base.py: 0.00140259 sec
# /Users/mythezone/miniconda3/envs/simlob312/lib/python3.12/site-packages/pandas/io/formats/__init__.py: 0.00000000 sec
# /Users/mythezone/miniconda3/envs/simlob312/lib/python3.12/site-packages/pandas/io/formats/console.py: 0.00000000 sec
# /Users/mythezone/miniconda3/envs/simlob312/lib/python3.12/site-packages/pandas/core/arrays/datetimes.py: 0.01644848 sec
# /Users/mythezone/miniconda3/envs/simlob312/lib/python3.12/site-packages/pandas/core/arrays/datetimelike.py: 0.00685426 sec
# /Users/mythezone/miniconda3/envs/simlob312/lib/python3.12/site-packages/pandas/core/array_algos/datetimelike_accumulations.py: 0.00000095 sec
# /Users/mythezone/miniconda3/envs/simlob312/lib/python3.12/site-packages/pandas/core/arrays/_ranges.py: 0.00000119 sec
# /Users/mythezone/miniconda3/envs/simlob312/lib/python3.12/site-packages/pandas/tseries/offsets.py: 0.00000000 sec
# /Users/mythezone/miniconda3/envs/simlob312/lib/python3.12/site-packages/pandas/core/arrays/interval.py: 0.00000999 sec
# /Users/mythezone/miniconda3/envs/simlob312/lib/python3.12/site-packages/pandas/core/arrays/timedeltas.py: 0.00000999 sec
# /Users/mythezone/miniconda3/envs/simlob312/lib/python3.12/site-packages/pandas/core/arrays/period.py: 0.00000879 sec
# /Users/mythezone/miniconda3/envs/simlob312/lib/python3.12/site-packages/pandas/core/arrays/sparse/__init__.py: 0.00000095 sec
# /Users/mythezone/miniconda3/envs/simlob312/lib/python3.12/site-packages/pandas/core/arrays/sparse/accessor.py: 0.00015472 sec
# /Users/mythezone/miniconda3/envs/simlob312/lib/python3.12/site-packages/pandas/core/arrays/sparse/array.py: 0.00344154 sec
# /Users/mythezone/miniconda3/envs/simlob312/lib/python3.12/site-packages/pandas/io/formats/printing.py: 0.00000285 sec
# /Users/mythezone/miniconda3/envs/simlob312/lib/python3.12/site-packages/pandas/core/arrays/string_arrow.py: 0.00000262 sec
# /Users/mythezone/miniconda3/envs/simlob312/lib/python3.12/site-packages/pandas/core/flags.py: 0.00536012 sec
# /Users/mythezone/miniconda3/envs/simlob312/lib/python3.12/site-packages/pandas/core/groupby/__init__.py: 0.00000000 sec
# /Users/mythezone/miniconda3/envs/simlob312/lib/python3.12/site-packages/pandas/core/groupby/generic.py: 0.00002022 sec
# /Users/mythezone/miniconda3/envs/simlob312/lib/python3.12/site-packages/pandas/core/apply.py: 0.00001214 sec
# /Users/mythezone/miniconda3/envs/simlob312/lib/python3.12/site-packages/pandas/core/_numba/__init__.py: 0.00000000 sec
# /Users/mythezone/miniconda3/envs/simlob312/lib/python3.12/site-packages/pandas/core/_numba/executor.py: 0.00000286 sec
# /Users/mythezone/miniconda3/envs/simlob312/lib/python3.12/site-packages/pandas/core/frame.py: 0.01317267 sec
# /Users/mythezone/miniconda3/envs/simlob312/lib/python3.12/site-packages/pandas/core/generic.py: 0.03244463 sec
# /Users/mythezone/miniconda3/envs/simlob312/lib/python3.12/json/__init__.py: 0.00000333 sec
# /Users/mythezone/miniconda3/envs/simlob312/lib/python3.12/json/decoder.py: 0.00000190 sec
# /Users/mythezone/miniconda3/envs/simlob312/lib/python3.12/json/scanner.py: 0.00000072 sec
# /Users/mythezone/miniconda3/envs/simlob312/lib/python3.12/json/encoder.py: 0.00000214 sec
# /Users/mythezone/miniconda3/envs/simlob312/lib/python3.12/site-packages/pandas/core/indexing.py: 0.00533271 sec
# /Users/mythezone/miniconda3/envs/simlob312/lib/python3.12/site-packages/pandas/core/indexes/__init__.py: 0.00000000 sec
# /Users/mythezone/miniconda3/envs/simlob312/lib/python3.12/site-packages/pandas/core/indexes/api.py: 0.00293306 sec
# /Users/mythezone/miniconda3/envs/simlob312/lib/python3.12/site-packages/pandas/core/indexes/base.py: 0.02885903 sec
# /Users/mythezone/miniconda3/envs/simlob312/lib/python3.12/site-packages/pandas/core/array_algos/putmask.py: 0.00011372 sec
# /Users/mythezone/miniconda3/envs/simlob312/lib/python3.12/site-packages/pandas/core/indexes/frozen.py: 0.00010395 sec
# /Users/mythezone/miniconda3/envs/simlob312/lib/python3.12/site-packages/pandas/core/strings/accessor.py: 0.00004000 sec
# /Users/mythezone/miniconda3/envs/simlob312/lib/python3.12/site-packages/pandas/core/indexes/category.py: 0.00000214 sec
# /Users/mythezone/miniconda3/envs/simlob312/lib/python3.12/site-packages/pandas/core/indexes/extension.py: 0.00003694 sec
# /Users/mythezone/miniconda3/envs/simlob312/lib/python3.12/site-packages/pandas/core/indexes/datetimes.py: 0.00081610 sec
# /Users/mythezone/miniconda3/envs/simlob312/lib/python3.12/site-packages/pandas/core/indexes/datetimelike.py: 0.00000428 sec
# /Users/mythezone/miniconda3/envs/simlob312/lib/python3.12/site-packages/pandas/core/indexes/range.py: 0.00519653 sec
# /Users/mythezone/miniconda3/envs/simlob312/lib/python3.12/site-packages/pandas/core/tools/__init__.py: 0.00000000 sec
# /Users/mythezone/miniconda3/envs/simlob312/lib/python3.12/site-packages/pandas/core/tools/timedeltas.py: 0.00064921 sec
# /Users/mythezone/miniconda3/envs/simlob312/lib/python3.12/site-packages/pandas/core/tools/times.py: 0.00000000 sec
# /Users/mythezone/miniconda3/envs/simlob312/lib/python3.12/site-packages/pandas/core/indexes/interval.py: 0.00000786 sec
# /Users/mythezone/miniconda3/envs/simlob312/lib/python3.12/site-packages/pandas/core/indexes/multi.py: 0.00000594 sec
# /Users/mythezone/miniconda3/envs/simlob312/lib/python3.12/site-packages/pandas/core/indexes/timedeltas.py: 0.00000380 sec
# /Users/mythezone/miniconda3/envs/simlob312/lib/python3.12/site-packages/pandas/core/indexes/period.py: 0.00000380 sec
# /Users/mythezone/miniconda3/envs/simlob312/lib/python3.12/site-packages/pandas/core/sample.py: 0.00000095 sec
# /Users/mythezone/miniconda3/envs/simlob312/lib/python3.12/site-packages/pandas/core/array_algos/replace.py: 0.00000000 sec
# /Users/mythezone/miniconda3/envs/simlob312/lib/python3.12/site-packages/pandas/core/internals/__init__.py: 0.00000095 sec
# /Users/mythezone/miniconda3/envs/simlob312/lib/python3.12/site-packages/pandas/core/internals/api.py: 0.00000000 sec
# /Users/mythezone/miniconda3/envs/simlob312/lib/python3.12/site-packages/pandas/core/internals/blocks.py: 0.01774329 sec
# /Users/mythezone/miniconda3/envs/simlob312/lib/python3.12/site-packages/pandas/core/internals/array_manager.py: 0.00000190 sec
# /Users/mythezone/miniconda3/envs/simlob312/lib/python3.12/site-packages/pandas/core/internals/base.py: 0.00254702 sec
# /Users/mythezone/miniconda3/envs/simlob312/lib/python3.12/site-packages/pandas/core/internals/managers.py: 0.02729148 sec
# /Users/mythezone/miniconda3/envs/simlob312/lib/python3.12/site-packages/pandas/core/internals/ops.py: 0.00000095 sec
# /Users/mythezone/miniconda3/envs/simlob312/lib/python3.12/site-packages/pandas/core/internals/concat.py: 0.01209967 sec
# /Users/mythezone/miniconda3/envs/simlob312/lib/python3.12/site-packages/pandas/core/internals/construction.py: 0.05888890 sec
# /Users/mythezone/miniconda3/envs/simlob312/lib/python3.12/site-packages/pandas/core/methods/__init__.py: 0.00000000 sec
# /Users/mythezone/miniconda3/envs/simlob312/lib/python3.12/site-packages/pandas/core/methods/describe.py: 0.00000285 sec
# /Users/mythezone/miniconda3/envs/simlob312/lib/python3.12/site-packages/pandas/core/reshape/__init__.py: 0.00000000 sec
# /Users/mythezone/miniconda3/envs/simlob312/lib/python3.12/site-packages/pandas/core/reshape/concat.py: 0.00621962 sec
# /Users/mythezone/miniconda3/envs/simlob312/lib/python3.12/site-packages/pandas/io/formats/format.py: 0.00002165 sec
# /Users/mythezone/miniconda3/envs/simlob312/lib/python3.12/site-packages/pandas/io/common.py: 0.00002568 sec
# /Users/mythezone/miniconda3/envs/simlob312/lib/python3.12/gzip.py: 0.00000548 sec
# /Users/mythezone/miniconda3/envs/simlob312/lib/python3.12/tarfile.py: 0.00001355 sec
# /Users/mythezone/miniconda3/envs/simlob312/lib/python3.12/urllib/parse.py: 0.00000523 sec
# /Users/mythezone/miniconda3/envs/simlob312/lib/python3.12/site-packages/pandas/core/shared_docs.py: 0.00000072 sec
# /Users/mythezone/miniconda3/envs/simlob312/lib/python3.12/dataclasses.py: 0.00022063 sec
# /Users/mythezone/miniconda3/envs/simlob312/lib/python3.12/site-packages/pandas/core/window/__init__.py: 0.00000000 sec
# /Users/mythezone/miniconda3/envs/simlob312/lib/python3.12/site-packages/pandas/core/window/ewm.py: 0.00001833 sec
# /Users/mythezone/miniconda3/envs/simlob312/lib/python3.12/site-packages/pandas/_libs/window/__init__.py: 0.00000000 sec
# /Users/mythezone/miniconda3/envs/simlob312/lib/python3.12/site-packages/pandas/core/indexers/objects.py: 0.00000905 sec
# /Users/mythezone/miniconda3/envs/simlob312/lib/python3.12/site-packages/pandas/core/util/numba_.py: 0.00000095 sec
# /Users/mythezone/miniconda3/envs/simlob312/lib/python3.12/site-packages/pandas/core/window/common.py: 0.00000000 sec
# /Users/mythezone/miniconda3/envs/simlob312/lib/python3.12/site-packages/pandas/core/window/doc.py: 0.00001191 sec
# /Users/mythezone/miniconda3/envs/simlob312/lib/python3.12/site-packages/pandas/core/window/numba_.py: 0.00000191 sec
# /Users/mythezone/miniconda3/envs/simlob312/lib/python3.12/site-packages/pandas/core/window/online.py: 0.00000119 sec
# /Users/mythezone/miniconda3/envs/simlob312/lib/python3.12/site-packages/pandas/core/window/rolling.py: 0.00003852 sec
# /Users/mythezone/miniconda3/envs/simlob312/lib/python3.12/site-packages/pandas/core/window/expanding.py: 0.00001711 sec
# /Users/mythezone/miniconda3/envs/simlob312/lib/python3.12/site-packages/pandas/core/methods/selectn.py: 0.00000428 sec
# /Users/mythezone/miniconda3/envs/simlob312/lib/python3.12/site-packages/pandas/core/reshape/melt.py: 0.00000095 sec
# /Users/mythezone/miniconda3/envs/simlob312/lib/python3.12/site-packages/pandas/core/reshape/util.py: 0.00000000 sec
# /Users/mythezone/miniconda3/envs/simlob312/lib/python3.12/site-packages/pandas/core/tools/numeric.py: 0.00000000 sec
# /Users/mythezone/miniconda3/envs/simlob312/lib/python3.12/site-packages/pandas/core/series.py: 0.01895038 sec
# /Users/mythezone/miniconda3/envs/simlob312/lib/python3.12/site-packages/pandas/core/indexes/accessors.py: 0.00000880 sec
# /Users/mythezone/miniconda3/envs/simlob312/lib/python3.12/site-packages/pandas/core/tools/datetimes.py: 0.00001640 sec
# /Users/mythezone/miniconda3/envs/simlob312/lib/python3.12/site-packages/pandas/arrays/__init__.py: 0.00000095 sec
# /Users/mythezone/miniconda3/envs/simlob312/lib/python3.12/site-packages/pandas/io/formats/info.py: 0.00001190 sec
# /Users/mythezone/miniconda3/envs/simlob312/lib/python3.12/site-packages/pandas/plotting/__init__.py: 0.00000000 sec
# /Users/mythezone/miniconda3/envs/simlob312/lib/python3.12/site-packages/pandas/plotting/_core.py: 0.00000784 sec
# /Users/mythezone/miniconda3/envs/simlob312/lib/python3.12/site-packages/pandas/plotting/_misc.py: 0.00000904 sec
# /Users/mythezone/miniconda3/envs/simlob312/lib/python3.12/site-packages/pandas/core/groupby/base.py: 0.00000119 sec
# /Users/mythezone/miniconda3/envs/simlob312/lib/python3.12/site-packages/pandas/core/groupby/ops.py: 0.00002094 sec
# /Users/mythezone/miniconda3/envs/simlob312/lib/python3.12/site-packages/pandas/core/groupby/grouper.py: 0.00001073 sec
# /Users/mythezone/miniconda3/envs/simlob312/lib/python3.12/site-packages/pandas/core/groupby/categorical.py: 0.00000000 sec
# /Users/mythezone/miniconda3/envs/simlob312/lib/python3.12/site-packages/pandas/core/groupby/groupby.py: 0.00002259 sec
# /Users/mythezone/miniconda3/envs/simlob312/lib/python3.12/site-packages/pandas/core/groupby/numba_.py: 0.00000190 sec
# /Users/mythezone/miniconda3/envs/simlob312/lib/python3.12/site-packages/pandas/core/groupby/indexing.py: 0.00000119 sec
# /Users/mythezone/miniconda3/envs/simlob312/lib/python3.12/site-packages/pandas/tseries/api.py: 0.00000000 sec
# /Users/mythezone/miniconda3/envs/simlob312/lib/python3.12/site-packages/pandas/core/computation/api.py: 0.00000000 sec
# /Users/mythezone/miniconda3/envs/simlob312/lib/python3.12/site-packages/pandas/core/computation/eval.py: 0.00000167 sec
# /Users/mythezone/miniconda3/envs/simlob312/lib/python3.12/site-packages/pandas/core/computation/engines.py: 0.00000357 sec
# /Users/mythezone/miniconda3/envs/simlob312/lib/python3.12/site-packages/pandas/core/computation/align.py: 0.00000119 sec
# /Users/mythezone/miniconda3/envs/simlob312/lib/python3.12/site-packages/pandas/core/computation/common.py: 0.00000000 sec
# /Users/mythezone/miniconda3/envs/simlob312/lib/python3.12/site-packages/pandas/core/computation/ops.py: 0.00000333 sec
# /Users/mythezone/miniconda3/envs/simlob312/lib/python3.12/site-packages/pandas/core/computation/scope.py: 0.00000190 sec
# /Users/mythezone/miniconda3/envs/simlob312/lib/python3.12/pprint.py: 0.00000095 sec
# /Users/mythezone/miniconda3/envs/simlob312/lib/python3.12/site-packages/pandas/core/computation/expr.py: 0.00011751 sec
# /Users/mythezone/miniconda3/envs/simlob312/lib/python3.12/site-packages/pandas/core/computation/parsing.py: 0.00000000 sec
# /Users/mythezone/miniconda3/envs/simlob312/lib/python3.12/site-packages/pandas/core/reshape/api.py: 0.00000000 sec
# /Users/mythezone/miniconda3/envs/simlob312/lib/python3.12/site-packages/pandas/core/reshape/encoding.py: 0.00000190 sec
# /Users/mythezone/miniconda3/envs/simlob312/lib/python3.12/site-packages/pandas/core/reshape/merge.py: 0.00002331 sec
# /Users/mythezone/miniconda3/envs/simlob312/lib/python3.12/uuid.py: 0.00000404 sec
# /Users/mythezone/miniconda3/envs/simlob312/lib/python3.12/site-packages/pandas/core/reshape/pivot.py: 0.00000380 sec
# /Users/mythezone/miniconda3/envs/simlob312/lib/python3.12/site-packages/pandas/core/reshape/tile.py: 0.00000404 sec
# /Users/mythezone/miniconda3/envs/simlob312/lib/python3.12/site-packages/pandas/api/__init__.py: 0.00000000 sec
# /Users/mythezone/miniconda3/envs/simlob312/lib/python3.12/site-packages/pandas/api/extensions/__init__.py: 0.00000000 sec
# /Users/mythezone/miniconda3/envs/simlob312/lib/python3.12/site-packages/pandas/api/indexers/__init__.py: 0.00000000 sec
# /Users/mythezone/miniconda3/envs/simlob312/lib/python3.12/site-packages/pandas/api/interchange/__init__.py: 0.00000000 sec
# /Users/mythezone/miniconda3/envs/simlob312/lib/python3.12/site-packages/pandas/core/interchange/__init__.py: 0.00000000 sec
# /Users/mythezone/miniconda3/envs/simlob312/lib/python3.12/site-packages/pandas/core/interchange/dataframe_protocol.py: 0.00000570 sec
# /Users/mythezone/miniconda3/envs/simlob312/lib/python3.12/site-packages/pandas/core/interchange/from_dataframe.py: 0.00000190 sec
# /Users/mythezone/miniconda3/envs/simlob312/lib/python3.12/site-packages/pandas/core/interchange/utils.py: 0.00000404 sec
# /Users/mythezone/miniconda3/envs/simlob312/lib/python3.12/site-packages/pandas/api/types/__init__.py: 0.00000000 sec
# /Users/mythezone/miniconda3/envs/simlob312/lib/python3.12/site-packages/pandas/core/dtypes/api.py: 0.00000000 sec
# /Users/mythezone/miniconda3/envs/simlob312/lib/python3.12/site-packages/pandas/api/typing/__init__.py: 0.00000000 sec
# /Users/mythezone/miniconda3/envs/simlob312/lib/python3.12/site-packages/pandas/core/resample.py: 0.00002165 sec
# /Users/mythezone/miniconda3/envs/simlob312/lib/python3.12/site-packages/pandas/io/json/__init__.py: 0.00000000 sec
# /Users/mythezone/miniconda3/envs/simlob312/lib/python3.12/site-packages/pandas/io/json/_json.py: 0.00001311 sec
# /Users/mythezone/miniconda3/envs/simlob312/lib/python3.12/site-packages/pandas/io/json/_normalize.py: 0.00000358 sec
# /Users/mythezone/miniconda3/envs/simlob312/lib/python3.12/site-packages/pandas/io/json/_table_schema.py: 0.00000214 sec
# /Users/mythezone/miniconda3/envs/simlob312/lib/python3.12/site-packages/pandas/io/parsers/__init__.py: 0.00000000 sec
# /Users/mythezone/miniconda3/envs/simlob312/lib/python3.12/site-packages/pandas/io/parsers/readers.py: 0.00005020 sec
# /Users/mythezone/miniconda3/envs/simlob312/lib/python3.12/site-packages/pandas/io/parsers/arrow_parser_wrapper.py: 0.00000095 sec
# /Users/mythezone/miniconda3/envs/simlob312/lib/python3.12/site-packages/pandas/io/parsers/base_parser.py: 0.00001236 sec
# /Users/mythezone/miniconda3/envs/simlob312/lib/python3.12/site-packages/pandas/io/parsers/c_parser_wrapper.py: 0.00000095 sec
# /Users/mythezone/miniconda3/envs/simlob312/lib/python3.12/site-packages/pandas/io/parsers/python_parser.py: 0.00000309 sec
# /Users/mythezone/miniconda3/envs/simlob312/lib/python3.12/site-packages/pandas/io/stata.py: 0.00002785 sec
# /Users/mythezone/miniconda3/envs/simlob312/lib/python3.12/site-packages/pandas/testing.py: 0.00000000 sec
# /Users/mythezone/miniconda3/envs/simlob312/lib/python3.12/site-packages/pandas/_testing/__init__.py: 0.00000285 sec
# /Users/mythezone/miniconda3/envs/simlob312/lib/python3.12/site-packages/pandas/_testing/_io.py: 0.00000072 sec
# /Users/mythezone/miniconda3/envs/simlob312/lib/python3.12/site-packages/pandas/_testing/contexts.py: 0.00000167 sec
# /Users/mythezone/miniconda3/envs/simlob312/lib/python3.12/site-packages/pandas/_testing/_warnings.py: 0.00000214 sec
# /Users/mythezone/miniconda3/envs/simlob312/lib/python3.12/site-packages/pandas/_testing/asserters.py: 0.00000903 sec
# /Users/mythezone/miniconda3/envs/simlob312/lib/python3.12/site-packages/pandas/_testing/compat.py: 0.00000000 sec
# /Users/mythezone/miniconda3/envs/simlob312/lib/python3.12/site-packages/pandas/util/_print_versions.py: 0.00000000 sec
# /Users/mythezone/miniconda3/envs/simlob312/lib/python3.12/site-packages/pandas/io/api.py: 0.00000119 sec
# /Users/mythezone/miniconda3/envs/simlob312/lib/python3.12/site-packages/pandas/io/clipboards.py: 0.00000119 sec
# /Users/mythezone/miniconda3/envs/simlob312/lib/python3.12/site-packages/pandas/io/excel/__init__.py: 0.00000000 sec
# /Users/mythezone/miniconda3/envs/simlob312/lib/python3.12/site-packages/pandas/io/excel/_base.py: 0.00001786 sec
# /Users/mythezone/miniconda3/envs/simlob312/lib/python3.12/site-packages/pandas/io/excel/_util.py: 0.00000523 sec
# /Users/mythezone/miniconda3/envs/simlob312/lib/python3.12/site-packages/pandas/io/excel/_calamine.py: 0.00000095 sec
# /Users/mythezone/miniconda3/envs/simlob312/lib/python3.12/site-packages/pandas/io/excel/_odfreader.py: 0.00000262 sec
# /Users/mythezone/miniconda3/envs/simlob312/lib/python3.12/site-packages/pandas/io/excel/_openpyxl.py: 0.00000380 sec
# /Users/mythezone/miniconda3/envs/simlob312/lib/python3.12/site-packages/pandas/io/excel/_pyxlsb.py: 0.00000429 sec
# /Users/mythezone/miniconda3/envs/simlob312/lib/python3.12/site-packages/pandas/io/excel/_xlrd.py: 0.00000000 sec
# /Users/mythezone/miniconda3/envs/simlob312/lib/python3.12/site-packages/pandas/io/excel/_odswriter.py: 0.00000095 sec
# /Users/mythezone/miniconda3/envs/simlob312/lib/python3.12/site-packages/pandas/io/excel/_xlsxwriter.py: 0.00000190 sec
# /Users/mythezone/miniconda3/envs/simlob312/lib/python3.12/site-packages/pandas/io/feather_format.py: 0.00000286 sec
# /Users/mythezone/miniconda3/envs/simlob312/lib/python3.12/site-packages/pandas/io/gbq.py: 0.00000381 sec
# /Users/mythezone/miniconda3/envs/simlob312/lib/python3.12/site-packages/pandas/io/html.py: 0.00000476 sec
# /Users/mythezone/miniconda3/envs/simlob312/lib/python3.12/site-packages/pandas/io/orc.py: 0.00000119 sec
# /Users/mythezone/miniconda3/envs/simlob312/lib/python3.12/site-packages/pandas/io/parquet.py: 0.00000643 sec
# /Users/mythezone/miniconda3/envs/simlob312/lib/python3.12/site-packages/pandas/io/pickle.py: 0.00000595 sec
# /Users/mythezone/miniconda3/envs/simlob312/lib/python3.12/site-packages/pandas/compat/pickle_compat.py: 0.00000119 sec
# /Users/mythezone/miniconda3/envs/simlob312/lib/python3.12/copy.py: 8.27571797 sec
# /Users/mythezone/miniconda3/envs/simlob312/lib/python3.12/site-packages/pandas/io/pytables.py: 0.00003566 sec
# /Users/mythezone/miniconda3/envs/simlob312/lib/python3.12/site-packages/pandas/core/computation/pytables.py: 0.00000381 sec
# /Users/mythezone/miniconda3/envs/simlob312/lib/python3.12/site-packages/pandas/io/sas/__init__.py: 0.00000000 sec
# /Users/mythezone/miniconda3/envs/simlob312/lib/python3.12/site-packages/pandas/io/sas/sasreader.py: 0.00000499 sec
# /Users/mythezone/miniconda3/envs/simlob312/lib/python3.12/site-packages/pandas/io/spss.py: 0.00000214 sec
# /Users/mythezone/miniconda3/envs/simlob312/lib/python3.12/site-packages/pandas/io/sql.py: 0.00001999 sec
# /Users/mythezone/miniconda3/envs/simlob312/lib/python3.12/site-packages/pandas/io/xml.py: 0.00000808 sec
# /Users/mythezone/miniconda3/envs/simlob312/lib/python3.12/site-packages/pandas/util/_tester.py: 0.00000000 sec
# /Users/mythezone/miniconda3/envs/simlob312/lib/python3.12/site-packages/pandas/_version_meson.py: 0.00000000 sec
# /Users/mythezone/project/gitlab/abides-acc/Kernel.py: 1.28128596 sec
# /Users/mythezone/miniconda3/envs/simlob312/lib/python3.12/queue.py: 0.79423166 sec
# /Users/mythezone/miniconda3/envs/simlob312/lib/python3.12/heapq.py: 0.00000095 sec
# /Users/mythezone/project/gitlab/abides-acc/message/Message.py: 0.10079289 sec
# /Users/mythezone/project/gitlab/abides-acc/util/__init__.py: 0.00000000 sec
# /Users/mythezone/project/gitlab/abides-acc/util/util.py: 0.23100279 sec
# /Users/mythezone/miniconda3/envs/simlob312/lib/python3.12/site-packages/scipy/__init__.py: 0.00000095 sec
# /Users/mythezone/miniconda3/envs/simlob312/lib/python3.12/site-packages/scipy/__config__.py: 0.00004124 sec
# /Users/mythezone/miniconda3/envs/simlob312/lib/python3.12/site-packages/scipy/version.py: 0.00000000 sec
# /Users/mythezone/miniconda3/envs/simlob312/lib/python3.12/site-packages/scipy/_distributor_init.py: 0.00000000 sec
# /Users/mythezone/miniconda3/envs/simlob312/lib/python3.12/site-packages/scipy/_lib/__init__.py: 0.00000000 sec
# /Users/mythezone/miniconda3/envs/simlob312/lib/python3.12/site-packages/scipy/_lib/_testutils.py: 0.00000930 sec
# /Users/mythezone/miniconda3/envs/simlob312/lib/python3.12/site-packages/scipy/_lib/_pep440.py: 0.00001285 sec
# /Users/mythezone/miniconda3/envs/simlob312/lib/python3.12/site-packages/scipy/_lib/_ccallback.py: 0.00000286 sec
# /Users/mythezone/miniconda3/envs/simlob312/lib/python3.12/site-packages/scipy/spatial/__init__.py: 0.00000215 sec
# /Users/mythezone/miniconda3/envs/simlob312/lib/python3.12/site-packages/scipy/spatial/_kdtree.py: 0.00000547 sec
# /Users/mythezone/miniconda3/envs/simlob312/lib/python3.12/site-packages/scipy/sparse/__init__.py: 0.00000191 sec
# /Users/mythezone/miniconda3/envs/simlob312/lib/python3.12/site-packages/scipy/sparse/_base.py: 0.30740949 sec
# /Users/mythezone/miniconda3/envs/simlob312/lib/python3.12/site-packages/scipy/sparse/_sputils.py: 2.46662163 sec
# /Users/mythezone/miniconda3/envs/simlob312/lib/python3.12/site-packages/scipy/_lib/_util.py: 0.00001594 sec
# /Users/mythezone/miniconda3/envs/simlob312/lib/python3.12/site-packages/scipy/_lib/_array_api.py: 0.00000524 sec
# /Users/mythezone/miniconda3/envs/simlob312/lib/python3.12/site-packages/numpy/typing/__init__.py: 0.00000000 sec
# /Users/mythezone/miniconda3/envs/simlob312/lib/python3.12/site-packages/numpy/_typing/_add_docstring.py: 0.00001192 sec
# /Users/mythezone/miniconda3/envs/simlob312/lib/python3.12/site-packages/scipy/_lib/array_api_compat/__init__.py: 0.00000000 sec
# /Users/mythezone/miniconda3/envs/simlob312/lib/python3.12/site-packages/scipy/_lib/array_api_compat/common/__init__.py: 0.00000000 sec
# /Users/mythezone/miniconda3/envs/simlob312/lib/python3.12/site-packages/scipy/_lib/array_api_compat/common/_helpers.py: 0.00000214 sec
# /Users/mythezone/miniconda3/envs/simlob312/lib/python3.12/site-packages/scipy/_lib/array_api_compat/numpy/__init__.py: 0.00000000 sec
# /Users/mythezone/miniconda3/envs/simlob312/lib/python3.12/site-packages/numpy/f2py/__init__.py: 0.00000000 sec
# /Users/mythezone/miniconda3/envs/simlob312/lib/python3.12/site-packages/numpy/f2py/f2py2e.py: 0.00000214 sec
# /Users/mythezone/miniconda3/envs/simlob312/lib/python3.12/site-packages/numpy/f2py/crackfortran.py: 0.00001953 sec
# /Users/mythezone/miniconda3/envs/simlob312/lib/python3.12/fileinput.py: 0.00000167 sec
# /Users/mythezone/miniconda3/envs/simlob312/lib/python3.12/site-packages/charset_normalizer/__init__.py: 0.00000000 sec
# /Users/mythezone/miniconda3/envs/simlob312/lib/python3.12/site-packages/charset_normalizer/api.py: 0.00000095 sec
# /Users/mythezone/miniconda3/envs/simlob312/lib/python3.12/site-packages/charset_normalizer/cd.py: 0.00000072 sec
# /Users/mythezone/miniconda3/envs/simlob312/lib/python3.12/site-packages/charset_normalizer/constant.py: 0.00003763 sec
# /Users/mythezone/miniconda3/envs/simlob312/lib/python3.12/site-packages/charset_normalizer/utils.py: 0.00000309 sec
# /Users/mythezone/miniconda3/envs/simlob312/lib/python3.12/site-packages/charset_normalizer/models.py: 0.00000309 sec
# /Users/mythezone/miniconda3/envs/simlob312/lib/python3.12/logging/__init__.py: 0.00000404 sec
# /Users/mythezone/miniconda3/envs/simlob312/lib/python3.12/_weakrefset.py: 0.00000000 sec
# /Users/mythezone/miniconda3/envs/simlob312/lib/python3.12/site-packages/charset_normalizer/legacy.py: 0.00000000 sec
# /Users/mythezone/miniconda3/envs/simlob312/lib/python3.12/site-packages/charset_normalizer/version.py: 0.00000000 sec
# /Users/mythezone/miniconda3/envs/simlob312/lib/python3.12/site-packages/numpy/f2py/__version__.py: 0.00000000 sec
# /Users/mythezone/miniconda3/envs/simlob312/lib/python3.12/site-packages/numpy/f2py/auxfuncs.py: 0.00006243 sec
# /Users/mythezone/miniconda3/envs/simlob312/lib/python3.12/site-packages/numpy/f2py/cfuncs.py: 0.00000309 sec
# /Users/mythezone/miniconda3/envs/simlob312/lib/python3.12/site-packages/numpy/f2py/symbolic.py: 0.00000547 sec
# /Users/mythezone/miniconda3/envs/simlob312/lib/python3.12/site-packages/numpy/f2py/rules.py: 0.00003737 sec
# /Users/mythezone/miniconda3/envs/simlob312/lib/python3.12/site-packages/numpy/f2py/capi_maps.py: 0.00000309 sec
# /Users/mythezone/miniconda3/envs/simlob312/lib/python3.12/site-packages/numpy/f2py/cb_rules.py: 0.00000380 sec
# /Users/mythezone/miniconda3/envs/simlob312/lib/python3.12/site-packages/numpy/f2py/_isocbind.py: 0.00000167 sec
# /Users/mythezone/miniconda3/envs/simlob312/lib/python3.12/site-packages/numpy/f2py/common_rules.py: 0.00000095 sec
# /Users/mythezone/miniconda3/envs/simlob312/lib/python3.12/site-packages/numpy/f2py/func2subr.py: 0.00000190 sec
# /Users/mythezone/miniconda3/envs/simlob312/lib/python3.12/site-packages/numpy/f2py/use_rules.py: 0.00000095 sec
# /Users/mythezone/miniconda3/envs/simlob312/lib/python3.12/site-packages/numpy/f2py/f90mod_rules.py: 0.00000119 sec
# /Users/mythezone/miniconda3/envs/simlob312/lib/python3.12/site-packages/numpy/f2py/_backends/__init__.py: 0.00000000 sec
# /Users/mythezone/miniconda3/envs/simlob312/lib/python3.12/site-packages/numpy/f2py/diagnose.py: 0.00000000 sec
# /Users/mythezone/miniconda3/envs/simlob312/lib/python3.12/site-packages/numpy/polynomial/__init__.py: 0.00000000 sec
# /Users/mythezone/miniconda3/envs/simlob312/lib/python3.12/site-packages/numpy/polynomial/polynomial.py: 0.00000214 sec
# /Users/mythezone/miniconda3/envs/simlob312/lib/python3.12/site-packages/numpy/polynomial/polyutils.py: 0.00000000 sec
# /Users/mythezone/miniconda3/envs/simlob312/lib/python3.12/site-packages/numpy/polynomial/_polybase.py: 0.00000547 sec
# /Users/mythezone/miniconda3/envs/simlob312/lib/python3.12/site-packages/numpy/polynomial/chebyshev.py: 0.00000095 sec
# /Users/mythezone/miniconda3/envs/simlob312/lib/python3.12/site-packages/numpy/polynomial/legendre.py: 0.00000095 sec
# /Users/mythezone/miniconda3/envs/simlob312/lib/python3.12/site-packages/numpy/polynomial/hermite.py: 0.00000095 sec
# /Users/mythezone/miniconda3/envs/simlob312/lib/python3.12/site-packages/numpy/polynomial/hermite_e.py: 0.00000144 sec
# /Users/mythezone/miniconda3/envs/simlob312/lib/python3.12/site-packages/numpy/polynomial/laguerre.py: 0.00000333 sec
# /Users/mythezone/miniconda3/envs/simlob312/lib/python3.12/site-packages/numpy/core/__init__.py: 0.00000095 sec
# /Users/mythezone/miniconda3/envs/simlob312/lib/python3.12/site-packages/numpy/core/_utils.py: 0.00000000 sec
# /Users/mythezone/miniconda3/envs/simlob312/lib/python3.12/site-packages/numpy/rec/__init__.py: 0.00000000 sec
# /Users/mythezone/miniconda3/envs/simlob312/lib/python3.12/site-packages/numpy/fft/__init__.py: 0.00000000 sec
# /Users/mythezone/miniconda3/envs/simlob312/lib/python3.12/site-packages/numpy/fft/_pocketfft.py: 0.00000643 sec
# /Users/mythezone/miniconda3/envs/simlob312/lib/python3.12/site-packages/numpy/fft/_helper.py: 0.00000072 sec
# /Users/mythezone/miniconda3/envs/simlob312/lib/python3.12/site-packages/numpy/fft/helper.py: 0.00000000 sec
# /Users/mythezone/miniconda3/envs/simlob312/lib/python3.12/site-packages/numpy/testing/__init__.py: 0.00000000 sec
# /Users/mythezone/miniconda3/envs/simlob312/lib/python3.12/unittest/__init__.py: 0.00000119 sec
# /Users/mythezone/miniconda3/envs/simlob312/lib/python3.12/unittest/result.py: 0.00000285 sec
# /Users/mythezone/miniconda3/envs/simlob312/lib/python3.12/unittest/util.py: 0.00000000 sec
# /Users/mythezone/miniconda3/envs/simlob312/lib/python3.12/unittest/case.py: 0.00001118 sec
# /Users/mythezone/miniconda3/envs/simlob312/lib/python3.12/difflib.py: 0.00000380 sec
# /Users/mythezone/miniconda3/envs/simlob312/lib/python3.12/unittest/suite.py: 0.00000167 sec
# /Users/mythezone/miniconda3/envs/simlob312/lib/python3.12/unittest/loader.py: 0.00000000 sec
# /Users/mythezone/miniconda3/envs/simlob312/lib/python3.12/unittest/main.py: 0.00000000 sec
# /Users/mythezone/miniconda3/envs/simlob312/lib/python3.12/unittest/runner.py: 0.00000190 sec
# /Users/mythezone/miniconda3/envs/simlob312/lib/python3.12/unittest/signals.py: 0.00000000 sec
# /Users/mythezone/miniconda3/envs/simlob312/lib/python3.12/site-packages/numpy/testing/_private/__init__.py: 0.00000000 sec
# /Users/mythezone/miniconda3/envs/simlob312/lib/python3.12/site-packages/numpy/testing/_private/utils.py: 0.00000239 sec
# /Users/mythezone/miniconda3/envs/simlob312/lib/python3.12/concurrent/__init__.py: 0.00000000 sec
# /Users/mythezone/miniconda3/envs/simlob312/lib/python3.12/concurrent/futures/__init__.py: 0.00000000 sec
# /Users/mythezone/miniconda3/envs/simlob312/lib/python3.12/concurrent/futures/_base.py: 0.00000262 sec
# /Users/mythezone/miniconda3/envs/simlob312/lib/python3.12/site-packages/numpy/testing/_private/extbuild.py: 0.00000095 sec
# /Users/mythezone/miniconda3/envs/simlob312/lib/python3.12/site-packages/numpy/testing/overrides.py: 0.00000000 sec
# /Users/mythezone/miniconda3/envs/simlob312/lib/python3.12/site-packages/numpy/strings/__init__.py: 0.00000000 sec
# /Users/mythezone/miniconda3/envs/simlob312/lib/python3.12/site-packages/numpy/_core/strings.py: 0.00000310 sec
# /Users/mythezone/miniconda3/envs/simlob312/lib/python3.12/site-packages/numpy/ctypeslib.py: 0.00000380 sec
# /Users/mythezone/miniconda3/envs/simlob312/lib/python3.12/site-packages/numpy/char/__init__.py: 0.00000000 sec
# /Users/mythezone/miniconda3/envs/simlob312/lib/python3.12/site-packages/numpy/_core/defchararray.py: 0.00000286 sec
# /Users/mythezone/miniconda3/envs/simlob312/lib/python3.12/site-packages/scipy/_lib/array_api_compat/numpy/_aliases.py: 0.00000095 sec
# /Users/mythezone/miniconda3/envs/simlob312/lib/python3.12/site-packages/scipy/_lib/array_api_compat/common/_aliases.py: 0.00000547 sec
# /Users/mythezone/miniconda3/envs/simlob312/lib/python3.12/site-packages/scipy/_lib/array_api_compat/_internal.py: 0.00004243 sec
# /Users/mythezone/miniconda3/envs/simlob312/lib/python3.12/site-packages/scipy/_lib/array_api_compat/numpy/_info.py: 0.00000000 sec
# /Users/mythezone/miniconda3/envs/simlob312/lib/python3.12/site-packages/scipy/_lib/array_api_compat/numpy/linalg.py: 0.00000000 sec
# /Users/mythezone/miniconda3/envs/simlob312/lib/python3.12/site-packages/scipy/_lib/array_api_compat/common/_linalg.py: 0.00000000 sec
# /Users/mythezone/miniconda3/envs/simlob312/lib/python3.12/site-packages/scipy/_lib/array_api_compat/numpy/fft.py: 0.00000095 sec
# /Users/mythezone/miniconda3/envs/simlob312/lib/python3.12/site-packages/scipy/_lib/array_api_compat/common/_fft.py: 0.00000380 sec
# /Users/mythezone/miniconda3/envs/simlob312/lib/python3.12/site-packages/scipy/_lib/_docscrape.py: 0.00047791 sec
# /Users/mythezone/miniconda3/envs/simlob312/lib/python3.12/pydoc.py: 0.00002454 sec
# /Users/mythezone/miniconda3/envs/simlob312/lib/python3.12/pkgutil.py: 0.00000072 sec
# /Users/mythezone/miniconda3/envs/simlob312/lib/python3.12/reprlib.py: 0.00000000 sec
# /Users/mythezone/miniconda3/envs/simlob312/lib/python3.12/site-packages/scipy/sparse/_matrix.py: 0.00000119 sec
# /Users/mythezone/miniconda3/envs/simlob312/lib/python3.12/site-packages/scipy/sparse/_csr.py: 0.00000095 sec
# /Users/mythezone/miniconda3/envs/simlob312/lib/python3.12/site-packages/scipy/sparse/_compressed.py: 0.00000523 sec
# /Users/mythezone/miniconda3/envs/simlob312/lib/python3.12/site-packages/scipy/sparse/_data.py: 0.00001073 sec
# /Users/mythezone/miniconda3/envs/simlob312/lib/python3.12/site-packages/scipy/sparse/_index.py: 8.57294988 sec
# /Users/mythezone/miniconda3/envs/simlob312/lib/python3.12/site-packages/scipy/sparse/_csc.py: 0.00000618 sec
# /Users/mythezone/miniconda3/envs/simlob312/lib/python3.12/site-packages/scipy/sparse/_lil.py: 0.00000000 sec
# /Users/mythezone/miniconda3/envs/simlob312/lib/python3.12/site-packages/scipy/sparse/_dok.py: 0.43958496 sec
# /Users/mythezone/miniconda3/envs/simlob312/lib/python3.12/site-packages/scipy/sparse/_coo.py: 0.00000525 sec
# /Users/mythezone/miniconda3/envs/simlob312/lib/python3.12/site-packages/scipy/sparse/_dia.py: 0.00000095 sec
# /Users/mythezone/miniconda3/envs/simlob312/lib/python3.12/site-packages/scipy/sparse/_bsr.py: 0.00000381 sec
# /Users/mythezone/miniconda3/envs/simlob312/lib/python3.12/site-packages/scipy/sparse/_construct.py: 0.00000238 sec
# /Users/mythezone/miniconda3/envs/simlob312/lib/python3.12/site-packages/scipy/sparse/_extract.py: 0.00000000 sec
# /Users/mythezone/miniconda3/envs/simlob312/lib/python3.12/site-packages/scipy/sparse/_matrix_io.py: 0.00000095 sec
# /Users/mythezone/miniconda3/envs/simlob312/lib/python3.12/site-packages/scipy/sparse/csgraph/__init__.py: 0.00000000 sec
# /Users/mythezone/miniconda3/envs/simlob312/lib/python3.12/site-packages/scipy/sparse/csgraph/_laplacian.py: 0.00000000 sec
# /Users/mythezone/miniconda3/envs/simlob312/lib/python3.12/site-packages/scipy/sparse/linalg/__init__.py: 0.00000286 sec
# /Users/mythezone/miniconda3/envs/simlob312/lib/python3.12/site-packages/scipy/sparse/linalg/_isolve/__init__.py: 0.00000119 sec
# /Users/mythezone/miniconda3/envs/simlob312/lib/python3.12/site-packages/scipy/sparse/linalg/_isolve/iterative.py: 0.00000000 sec
# /Users/mythezone/miniconda3/envs/simlob312/lib/python3.12/site-packages/scipy/sparse/linalg/_interface.py: 0.00000095 sec
# /Users/mythezone/miniconda3/envs/simlob312/lib/python3.12/site-packages/scipy/sparse/linalg/_isolve/utils.py: 0.00000000 sec
# /Users/mythezone/miniconda3/envs/simlob312/lib/python3.12/site-packages/scipy/linalg/__init__.py: 0.00000858 sec
# /Users/mythezone/miniconda3/envs/simlob312/lib/python3.12/site-packages/scipy/linalg/_misc.py: 0.00000000 sec
# /Users/mythezone/miniconda3/envs/simlob312/lib/python3.12/site-packages/scipy/linalg/blas.py: 0.00000190 sec
# /Users/mythezone/miniconda3/envs/simlob312/lib/python3.12/site-packages/scipy/linalg/lapack.py: 0.00000477 sec
# /Users/mythezone/miniconda3/envs/simlob312/lib/python3.12/site-packages/scipy/linalg/_basic.py: 0.00000596 sec
# /Users/mythezone/miniconda3/envs/simlob312/lib/python3.12/site-packages/scipy/linalg/_decomp.py: 0.00000095 sec
# /Users/mythezone/miniconda3/envs/simlob312/lib/python3.12/site-packages/scipy/linalg/_decomp_svd.py: 0.00000119 sec
# /Users/mythezone/miniconda3/envs/simlob312/lib/python3.12/site-packages/scipy/linalg/_decomp_lu.py: 0.00000501 sec
# /Users/mythezone/miniconda3/envs/simlob312/lib/python3.12/site-packages/scipy/linalg/_decomp_ldl.py: 0.00000000 sec
# /Users/mythezone/miniconda3/envs/simlob312/lib/python3.12/site-packages/scipy/linalg/_decomp_cholesky.py: 0.00000000 sec
# /Users/mythezone/miniconda3/envs/simlob312/lib/python3.12/site-packages/scipy/linalg/_decomp_qr.py: 0.00000095 sec
# /Users/mythezone/miniconda3/envs/simlob312/lib/python3.12/site-packages/scipy/linalg/_decomp_qz.py: 0.00000000 sec
# /Users/mythezone/miniconda3/envs/simlob312/lib/python3.12/site-packages/scipy/linalg/_decomp_schur.py: 0.00000000 sec
# /Users/mythezone/miniconda3/envs/simlob312/lib/python3.12/site-packages/scipy/linalg/_decomp_polar.py: 0.00000000 sec
# /Users/mythezone/miniconda3/envs/simlob312/lib/python3.12/site-packages/scipy/linalg/_matfuncs.py: 0.00000000 sec
# /Users/mythezone/miniconda3/envs/simlob312/lib/python3.12/site-packages/scipy/linalg/_expm_frechet.py: 0.00000000 sec
# /Users/mythezone/miniconda3/envs/simlob312/lib/python3.12/site-packages/scipy/linalg/_matfuncs_sqrtm.py: 0.00000119 sec
# /Users/mythezone/miniconda3/envs/simlob312/lib/python3.12/site-packages/scipy/linalg/_special_matrices.py: 0.00000095 sec
# /Users/mythezone/miniconda3/envs/simlob312/lib/python3.12/site-packages/scipy/linalg/_solvers.py: 0.00000119 sec
# /Users/mythezone/miniconda3/envs/simlob312/lib/python3.12/site-packages/scipy/linalg/_procrustes.py: 0.00000000 sec
# /Users/mythezone/miniconda3/envs/simlob312/lib/python3.12/site-packages/scipy/linalg/_sketches.py: 0.00000000 sec
# /Users/mythezone/miniconda3/envs/simlob312/lib/python3.12/site-packages/scipy/linalg/_decomp_cossin.py: 0.00000000 sec
# /Users/mythezone/miniconda3/envs/simlob312/lib/python3.12/site-packages/scipy/linalg/decomp.py: 0.00000119 sec
# /Users/mythezone/miniconda3/envs/simlob312/lib/python3.12/site-packages/scipy/_lib/deprecation.py: 0.00000382 sec
# /Users/mythezone/miniconda3/envs/simlob312/lib/python3.12/site-packages/scipy/linalg/decomp_cholesky.py: 0.00000000 sec
# /Users/mythezone/miniconda3/envs/simlob312/lib/python3.12/site-packages/scipy/linalg/decomp_lu.py: 0.00000000 sec
# /Users/mythezone/miniconda3/envs/simlob312/lib/python3.12/site-packages/scipy/linalg/decomp_qr.py: 0.00000000 sec
# /Users/mythezone/miniconda3/envs/simlob312/lib/python3.12/site-packages/scipy/linalg/decomp_svd.py: 0.00000000 sec
# /Users/mythezone/miniconda3/envs/simlob312/lib/python3.12/site-packages/scipy/linalg/decomp_schur.py: 0.00000000 sec
# /Users/mythezone/miniconda3/envs/simlob312/lib/python3.12/site-packages/scipy/linalg/basic.py: 0.00000000 sec
# /Users/mythezone/miniconda3/envs/simlob312/lib/python3.12/site-packages/scipy/linalg/misc.py: 0.00000000 sec
# /Users/mythezone/miniconda3/envs/simlob312/lib/python3.12/site-packages/scipy/linalg/special_matrices.py: 0.00000000 sec
# /Users/mythezone/miniconda3/envs/simlob312/lib/python3.12/site-packages/scipy/linalg/matfuncs.py: 0.00000000 sec
# /Users/mythezone/miniconda3/envs/simlob312/lib/python3.12/site-packages/scipy/sparse/linalg/_isolve/minres.py: 0.00000000 sec
# /Users/mythezone/miniconda3/envs/simlob312/lib/python3.12/site-packages/scipy/sparse/linalg/_isolve/lgmres.py: 0.00000000 sec
# /Users/mythezone/miniconda3/envs/simlob312/lib/python3.12/site-packages/scipy/sparse/linalg/_isolve/_gcrotmk.py: 0.00000000 sec
# /Users/mythezone/miniconda3/envs/simlob312/lib/python3.12/site-packages/scipy/sparse/linalg/_isolve/lsqr.py: 0.00000000 sec
# /Users/mythezone/miniconda3/envs/simlob312/lib/python3.12/site-packages/scipy/sparse/linalg/_isolve/lsmr.py: 0.00000095 sec
# /Users/mythezone/miniconda3/envs/simlob312/lib/python3.12/site-packages/scipy/sparse/linalg/_isolve/tfqmr.py: 0.00000000 sec
# /Users/mythezone/miniconda3/envs/simlob312/lib/python3.12/site-packages/scipy/sparse/linalg/_dsolve/__init__.py: 0.00000000 sec
# /Users/mythezone/miniconda3/envs/simlob312/lib/python3.12/site-packages/scipy/sparse/linalg/_dsolve/linsolve.py: 0.00000310 sec
# /Users/mythezone/miniconda3/envs/simlob312/lib/python3.12/site-packages/scipy/sparse/linalg/_dsolve/_add_newdocs.py: 0.00000000 sec
# /Users/mythezone/miniconda3/envs/simlob312/lib/python3.12/site-packages/scipy/sparse/linalg/_eigen/__init__.py: 0.00000000 sec
# /Users/mythezone/miniconda3/envs/simlob312/lib/python3.12/site-packages/scipy/sparse/linalg/_eigen/arpack/__init__.py: 0.00000000 sec
# /Users/mythezone/miniconda3/envs/simlob312/lib/python3.12/site-packages/scipy/sparse/linalg/_eigen/arpack/arpack.py: 0.00000666 sec
# /Users/mythezone/miniconda3/envs/simlob312/lib/python3.12/site-packages/scipy/_lib/_threadsafety.py: 0.00000000 sec
# /Users/mythezone/miniconda3/envs/simlob312/lib/python3.12/site-packages/scipy/_lib/decorator.py: 0.00000880 sec
# <decorator-gen-0>: 0.00000072 sec
# /Users/mythezone/miniconda3/envs/simlob312/lib/python3.12/site-packages/scipy/sparse/linalg/_eigen/lobpcg/__init__.py: 0.00000190 sec
# /Users/mythezone/miniconda3/envs/simlob312/lib/python3.12/site-packages/scipy/sparse/linalg/_eigen/lobpcg/lobpcg.py: 0.00000000 sec
# /Users/mythezone/miniconda3/envs/simlob312/lib/python3.12/site-packages/scipy/sparse/linalg/_eigen/_svds.py: 0.00000000 sec
# /Users/mythezone/miniconda3/envs/simlob312/lib/python3.12/site-packages/scipy/sparse/linalg/_svdp.py: 0.00000095 sec
# /Users/mythezone/miniconda3/envs/simlob312/lib/python3.12/site-packages/scipy/sparse/linalg/_matfuncs.py: 0.00000714 sec
# /Users/mythezone/miniconda3/envs/simlob312/lib/python3.12/site-packages/scipy/sparse/linalg/_expm_multiply.py: 0.00000310 sec
# /Users/mythezone/miniconda3/envs/simlob312/lib/python3.12/site-packages/scipy/sparse/linalg/_onenormest.py: 0.00000000 sec
# /Users/mythezone/miniconda3/envs/simlob312/lib/python3.12/site-packages/scipy/sparse/linalg/_norm.py: 0.00000072 sec
# /Users/mythezone/miniconda3/envs/simlob312/lib/python3.12/site-packages/scipy/sparse/linalg/_special_sparse_arrays.py: 0.00000190 sec
# /Users/mythezone/miniconda3/envs/simlob312/lib/python3.12/site-packages/scipy/sparse/linalg/isolve.py: 0.00000000 sec
# /Users/mythezone/miniconda3/envs/simlob312/lib/python3.12/site-packages/scipy/sparse/linalg/dsolve.py: 0.00000000 sec
# /Users/mythezone/miniconda3/envs/simlob312/lib/python3.12/site-packages/scipy/sparse/linalg/interface.py: 0.00000000 sec
# /Users/mythezone/miniconda3/envs/simlob312/lib/python3.12/site-packages/scipy/sparse/linalg/eigen.py: 0.00000000 sec
# /Users/mythezone/miniconda3/envs/simlob312/lib/python3.12/site-packages/scipy/sparse/linalg/matfuncs.py: 0.00000000 sec
# /Users/mythezone/miniconda3/envs/simlob312/lib/python3.12/site-packages/scipy/sparse/csgraph/_validation.py: 0.00000000 sec
# /Users/mythezone/miniconda3/envs/simlob312/lib/python3.12/site-packages/scipy/sparse/base.py: 0.00000000 sec
# /Users/mythezone/miniconda3/envs/simlob312/lib/python3.12/site-packages/scipy/sparse/bsr.py: 0.00000000 sec
# /Users/mythezone/miniconda3/envs/simlob312/lib/python3.12/site-packages/scipy/sparse/compressed.py: 0.00000000 sec
# /Users/mythezone/miniconda3/envs/simlob312/lib/python3.12/site-packages/scipy/sparse/construct.py: 0.00000000 sec
# /Users/mythezone/miniconda3/envs/simlob312/lib/python3.12/site-packages/scipy/sparse/coo.py: 0.00000000 sec
# /Users/mythezone/miniconda3/envs/simlob312/lib/python3.12/site-packages/scipy/sparse/csc.py: 0.00000000 sec
# /Users/mythezone/miniconda3/envs/simlob312/lib/python3.12/site-packages/scipy/sparse/csr.py: 0.00000119 sec
# /Users/mythezone/miniconda3/envs/simlob312/lib/python3.12/site-packages/scipy/sparse/data.py: 0.00000000 sec
# /Users/mythezone/miniconda3/envs/simlob312/lib/python3.12/site-packages/scipy/sparse/dia.py: 0.00000000 sec
# /Users/mythezone/miniconda3/envs/simlob312/lib/python3.12/site-packages/scipy/sparse/dok.py: 0.00000000 sec
# /Users/mythezone/miniconda3/envs/simlob312/lib/python3.12/site-packages/scipy/sparse/extract.py: 0.00000000 sec
# /Users/mythezone/miniconda3/envs/simlob312/lib/python3.12/site-packages/scipy/sparse/lil.py: 0.00000000 sec
# /Users/mythezone/miniconda3/envs/simlob312/lib/python3.12/site-packages/scipy/sparse/sparsetools.py: 0.00000000 sec
# /Users/mythezone/miniconda3/envs/simlob312/lib/python3.12/site-packages/scipy/sparse/sputils.py: 0.00000095 sec
# /Users/mythezone/miniconda3/envs/simlob312/lib/python3.12/site-packages/scipy/spatial/_spherical_voronoi.py: 0.00000095 sec
# /Users/mythezone/miniconda3/envs/simlob312/lib/python3.12/site-packages/scipy/spatial/_plotutils.py: 0.00000000 sec
# <decorator-gen-1>: 0.00000000 sec
# <decorator-gen-2>: 0.00000000 sec
# <decorator-gen-3>: 0.00000000 sec
# <decorator-gen-4>: 0.00000000 sec
# /Users/mythezone/miniconda3/envs/simlob312/lib/python3.12/site-packages/scipy/spatial/_procrustes.py: 0.00000000 sec
# /Users/mythezone/miniconda3/envs/simlob312/lib/python3.12/site-packages/scipy/spatial/_geometric_slerp.py: 0.00000000 sec
# /Users/mythezone/miniconda3/envs/simlob312/lib/python3.12/site-packages/scipy/spatial/distance.py: 0.00002071 sec
# /Users/mythezone/miniconda3/envs/simlob312/lib/python3.12/site-packages/scipy/special/__init__.py: 0.00000000 sec
# /Users/mythezone/miniconda3/envs/simlob312/lib/python3.12/site-packages/scipy/special/_sf_error.py: 0.00000000 sec
# /Users/mythezone/miniconda3/envs/simlob312/lib/python3.12/site-packages/scipy/special/_support_alternative_backends.py: 0.00000499 sec
# /Users/mythezone/miniconda3/envs/simlob312/lib/python3.12/site-packages/scipy/special/_basic.py: 0.00000167 sec
# /Users/mythezone/miniconda3/envs/simlob312/lib/python3.12/site-packages/scipy/special/_input_validation.py: 0.00000000 sec
# /Users/mythezone/miniconda3/envs/simlob312/lib/python3.12/site-packages/scipy/special/_multiufuncs.py: 0.00001237 sec
# /Users/mythezone/miniconda3/envs/simlob312/lib/python3.12/site-packages/scipy/special/_logsumexp.py: 0.00000000 sec
# /Users/mythezone/miniconda3/envs/simlob312/lib/python3.12/site-packages/scipy/_lib/array_api_extra/__init__.py: 0.00000000 sec
# /Users/mythezone/miniconda3/envs/simlob312/lib/python3.12/site-packages/scipy/_lib/array_api_extra/_funcs.py: 0.00000000 sec
# /Users/mythezone/miniconda3/envs/simlob312/lib/python3.12/site-packages/scipy/special/_orthogonal.py: 0.00000309 sec
# /Users/mythezone/miniconda3/envs/simlob312/lib/python3.12/site-packages/scipy/special/_spfun_stats.py: 0.00000000 sec
# /Users/mythezone/miniconda3/envs/simlob312/lib/python3.12/site-packages/scipy/special/_ellip_harm.py: 0.00000000 sec
# /Users/mythezone/miniconda3/envs/simlob312/lib/python3.12/site-packages/scipy/special/_lambertw.py: 0.00000000 sec
# /Users/mythezone/miniconda3/envs/simlob312/lib/python3.12/site-packages/scipy/special/_spherical_bessel.py: 0.00000000 sec
# /Users/mythezone/miniconda3/envs/simlob312/lib/python3.12/site-packages/scipy/special/add_newdocs.py: 0.00000000 sec
# /Users/mythezone/miniconda3/envs/simlob312/lib/python3.12/site-packages/scipy/special/basic.py: 0.00000000 sec
# /Users/mythezone/miniconda3/envs/simlob312/lib/python3.12/site-packages/scipy/special/orthogonal.py: 0.00000095 sec
# /Users/mythezone/miniconda3/envs/simlob312/lib/python3.12/site-packages/scipy/special/specfun.py: 0.00000000 sec
# /Users/mythezone/miniconda3/envs/simlob312/lib/python3.12/site-packages/scipy/special/sf_error.py: 0.00000000 sec
# /Users/mythezone/miniconda3/envs/simlob312/lib/python3.12/site-packages/scipy/special/spfun_stats.py: 0.00000119 sec
# /Users/mythezone/miniconda3/envs/simlob312/lib/python3.12/site-packages/scipy/spatial/ckdtree.py: 0.00000000 sec
# /Users/mythezone/miniconda3/envs/simlob312/lib/python3.12/site-packages/scipy/spatial/kdtree.py: 0.00000000 sec
# /Users/mythezone/miniconda3/envs/simlob312/lib/python3.12/site-packages/scipy/spatial/qhull.py: 0.00000000 sec
# /Users/mythezone/miniconda3/envs/simlob312/lib/python3.12/site-packages/scipy/spatial/transform/__init__.py: 0.00000000 sec
# /Users/mythezone/miniconda3/envs/simlob312/lib/python3.12/site-packages/scipy/spatial/transform/_rotation_groups.py: 0.00000095 sec
# /Users/mythezone/miniconda3/envs/simlob312/lib/python3.12/site-packages/scipy/constants/__init__.py: 0.00008965 sec
# /Users/mythezone/miniconda3/envs/simlob312/lib/python3.12/site-packages/scipy/constants/_codata.py: 0.00070624 sec
# /Users/mythezone/miniconda3/envs/simlob312/lib/python3.12/site-packages/scipy/constants/_constants.py: 0.00000286 sec
# /Users/mythezone/miniconda3/envs/simlob312/lib/python3.12/site-packages/scipy/constants/codata.py: 0.00000000 sec
# /Users/mythezone/miniconda3/envs/simlob312/lib/python3.12/site-packages/scipy/constants/constants.py: 0.00000000 sec
# /Users/mythezone/miniconda3/envs/simlob312/lib/python3.12/site-packages/scipy/spatial/transform/_rotation_spline.py: 0.00000095 sec
# /Users/mythezone/miniconda3/envs/simlob312/lib/python3.12/site-packages/scipy/spatial/transform/rotation.py: 0.00000000 sec
# /Users/mythezone/project/gitlab/abides-acc/util/order/__init__.py: 0.00000000 sec
# /Users/mythezone/project/gitlab/abides-acc/util/order/LimitOrder.py: 0.40536688 sec
# /Users/mythezone/project/gitlab/abides-acc/util/order/Order.py: 0.31016279 sec
# /Users/mythezone/project/gitlab/abides-acc/agent/__init__.py: 0.00000000 sec
# /Users/mythezone/project/gitlab/abides-acc/agent/FinancialAgent.py: 0.00015425 sec
# /Users/mythezone/project/gitlab/abides-acc/agent/Agent.py: 0.26901886 sec
# /Users/mythezone/project/gitlab/abides-acc/util/oracle/__init__.py: 0.00000000 sec
# /Users/mythezone/project/gitlab/abides-acc/util/oracle/SparseMeanRevertingOracle.py: 0.04853941 sec
# /Users/mythezone/project/gitlab/abides-acc/util/oracle/MeanRevertingOracle.py: 0.00000000 sec
# /Users/mythezone/project/gitlab/abides-acc/agent/ExchangeAgent.py: 0.16375373 sec
# /Users/mythezone/project/gitlab/abides-acc/util/OrderBook.py: 136.19837839 sec
# /Users/mythezone/miniconda3/envs/simlob312/lib/python3.12/site-packages/tqdm/__init__.py: 0.00000000 sec
# /Users/mythezone/miniconda3/envs/simlob312/lib/python3.12/site-packages/tqdm/_monitor.py: 0.00000214 sec
# /Users/mythezone/miniconda3/envs/simlob312/lib/python3.12/site-packages/tqdm/_tqdm_pandas.py: 0.00000000 sec
# /Users/mythezone/miniconda3/envs/simlob312/lib/python3.12/site-packages/tqdm/cli.py: 0.00000000 sec
# /Users/mythezone/miniconda3/envs/simlob312/lib/python3.12/ast.py: 0.00000000 sec
# /Users/mythezone/miniconda3/envs/simlob312/lib/python3.12/site-packages/tqdm/std.py: 0.02457450 sec
# /Users/mythezone/miniconda3/envs/simlob312/lib/python3.12/site-packages/tqdm/utils.py: 0.03614877 sec
# /Users/mythezone/miniconda3/envs/simlob312/lib/python3.12/site-packages/tqdm/version.py: 0.00000000 sec
# /Users/mythezone/miniconda3/envs/simlob312/lib/python3.12/site-packages/tqdm/_dist_ver.py: 0.00000000 sec
# /Users/mythezone/miniconda3/envs/simlob312/lib/python3.12/site-packages/tqdm/gui.py: 0.00000000 sec
# /Users/mythezone/project/gitlab/abides-acc/agent/NoiseAgent.py: 0.01169518 sec
# /Users/mythezone/project/gitlab/abides-acc/agent/TradingAgent.py: 0.27868678 sec
# /Users/mythezone/project/gitlab/abides-acc/util/order/MarketOrder.py: 0.00000000 sec
# /Users/mythezone/project/gitlab/abides-acc/agent/ValueAgent.py: 0.09203957 sec
# /Users/mythezone/project/gitlab/abides-acc/agent/market_makers/AdaptiveMarketMakerAgent.py: 0.03333117 sec
# /Users/mythezone/project/gitlab/abides-acc/agent/examples/__init__.py: 0.00000000 sec
# /Users/mythezone/project/gitlab/abides-acc/agent/examples/MomentumAgent.py: 0.00825569 sec
# /Users/mythezone/project/gitlab/abides-acc/agent/execution/POVExecutionAgent.py: 0.00013614 sec
# /Users/mythezone/project/gitlab/abides-acc/model/LatencyModel.py: 0.14745615 sec
# /Users/mythezone/miniconda3/envs/simlob312/lib/python3.12/pathlib.py: 0.00000857 sec
# /Users/mythezone/miniconda3/envs/simlob312/lib/python3.12/bz2.py: 0.00032495 sec
# /Users/mythezone/miniconda3/envs/simlob312/lib/python3.12/_compression.py: 0.00006389 sec
# /Users/mythezone/miniconda3/envs/simlob312/lib/python3.12/multiprocessing/__init__.py: 0.00000214 sec
# /Users/mythezone/miniconda3/envs/simlob312/lib/python3.12/multiprocessing/context.py: 0.00000285 sec
# /Users/mythezone/miniconda3/envs/simlob312/lib/python3.12/multiprocessing/process.py: 0.00000430 sec
# /Users/mythezone/miniconda3/envs/simlob312/lib/python3.12/multiprocessing/reduction.py: 0.00000285 sec
# /Users/mythezone/miniconda3/envs/simlob312/lib/python3.12/multiprocessing/synchronize.py: 0.00000619 sec
# /Users/mythezone/miniconda3/envs/simlob312/lib/python3.12/multiprocessing/util.py: 0.00000619 sec
# /Users/mythezone/miniconda3/envs/simlob312/lib/python3.12/tempfile.py: 0.00000000 sec
# /Users/mythezone/miniconda3/envs/simlob312/lib/python3.12/multiprocessing/resource_tracker.py: 0.00000190 sec
# /Users/mythezone/miniconda3/envs/simlob312/lib/python3.12/multiprocessing/spawn.py: 0.00000309 sec
# <frozen runpy>: 0.00000191 sec
